ERROR 0 [2021-02-08 14:54:21,213] [main] org.apache.jena.riot  - [line: 1, col: 1 ] Content is not allowed in prolog.
INFO  1401 [2021-02-08 14:54:22,614] [main] org.semanticweb.owlapi.utilities.Injector  - Loading file META-INF/services/org.semanticweb.owlapi.model.OWLOntologyManager
INFO  1464 [2021-02-08 14:54:22,677] [main] org.semanticweb.owlapi.utilities.Injector  - Loading file META-INF/services/org.semanticweb.owlapi.model.OWLDataFactory
INFO  1737 [2021-02-08 14:54:22,950] [main] org.semanticweb.owlapi.utilities.Injector  - Injecting object uk.ac.manchester.cs.owl.owlapi.OWLOntologyManagerImpl@61884cb1
INFO  1766 [2021-02-08 14:54:22,979] [main] org.semanticweb.owlapi.utilities.Injector  - Loading file META-INF/services/org.semanticweb.owlapi.model.OWLOntologyIRIMapper
WARN  1767 [2021-02-08 14:54:22,980] [main] org.semanticweb.owlapi.utilities.Injector  - No files found for META-INF/services/org.semanticweb.owlapi.model.OWLOntologyIRIMapper
INFO  1770 [2021-02-08 14:54:22,983] [main] org.semanticweb.owlapi.utilities.Injector  - Injecting values [[]] on method public void uk.ac.manchester.cs.owl.owlapi.OWLOntologyManagerImpl.setIRIMappers(java.util.Set).
INFO  1771 [2021-02-08 14:54:22,984] [main] org.semanticweb.owlapi.utilities.Injector  - Loading file META-INF/services/org.semanticweb.owlapi.io.OWLParserFactory
INFO  1795 [2021-02-08 14:54:23,008] [main] org.semanticweb.owlapi.utilities.Injector  - Injecting values [[org.semanticweb.owlapi.manchestersyntax.parser.ManchesterOWLSyntaxOntologyParserFactory@7e3f95fe, org.semanticweb.owlapi.rio.RioTrigParserFactory@73c60324, org.semanticweb.owlapi.owlxml.parser.OWLXMLParserFactory@46f699d5, org.semanticweb.owlapi.rio.RioTrixParserFactory@2cb3d0f7, org.semanticweb.owlapi.rio.RioJsonParserFactory@3f1c5af9, org.semanticweb.owlapi.rio.RioN3ParserFactory@50eca7c6, org.semanticweb.owlapi.rio.RioRDFXMLParserFactory@6731787b, org.semanticweb.owlapi.rio.RioNQuadsParserFactory@6ca0256d, org.semanticweb.owlapi.rdf.rdfxml.parser.RDFXMLParserFactory@659eef7, org.semanticweb.owlapi.rdf.turtle.parser.TurtleOntologyParserFactory@1ce61929, org.semanticweb.owlapi.rio.RioTurtleParserFactory@1d7f7be7, org.semanticweb.owlapi.rio.RioRDFaParserFactory@4275c20c, org.semanticweb.owlapi.rio.RioBinaryRdfParserFactory@71984c3, org.semanticweb.owlapi.dlsyntax.parser.DLSyntaxOWLParserFactory@1cd201a8, org.semanticweb.owlapi.functional.parser.OWLFunctionalSyntaxOWLParserFactory@9bd0fa6, org.semanticweb.owlapi.krss2.parser.KRSS2OWLParserFactory@419a20a6, org.semanticweb.owlapi.rio.RioJsonLDParserFactory@2364305a, org.semanticweb.owlapi.rio.RioNTriplesParserFactory@64df9a61, org.semanticweb.owlapi.oboformat.OBOFormatOWLAPIParserFactory@3f28bd56]] on method public void uk.ac.manchester.cs.owl.owlapi.OWLOntologyManagerImpl.setOntologyParsers(java.util.Set).
INFO  1797 [2021-02-08 14:54:23,010] [main] org.semanticweb.owlapi.utilities.Injector  - Loading file META-INF/services/org.semanticweb.owlapi.model.OWLOntologyFactory
INFO  1800 [2021-02-08 14:54:23,013] [main] org.semanticweb.owlapi.utilities.Injector  - Injecting values [[uk.ac.manchester.cs.owl.owlapi.OWLOntologyFactoryImpl@186978a6]] on method public void uk.ac.manchester.cs.owl.owlapi.OWLOntologyManagerImpl.setOntologyFactories(java.util.Set).
INFO  1801 [2021-02-08 14:54:23,014] [main] org.semanticweb.owlapi.utilities.Injector  - Loading file META-INF/services/org.semanticweb.owlapi.model.OWLStorerFactory
INFO  1808 [2021-02-08 14:54:23,021] [main] org.semanticweb.owlapi.utilities.Injector  - Injecting values [[org.semanticweb.owlapi.rio.RioN3StorerFactory@7813cb11, org.semanticweb.owlapi.rdf.rdfxml.renderer.RDFXMLStorerFactory@d5ae57e, org.semanticweb.owlapi.functional.renderer.FunctionalSyntaxStorerFactory@423e4cbb, org.semanticweb.owlapi.rio.RioBinaryRdfStorerFactory@2ed3b1f5, org.semanticweb.owlapi.manchestersyntax.renderer.ManchesterSyntaxStorerFactory@25ddbbbb, org.semanticweb.owlapi.dlsyntax.renderer.DLSyntaxHTMLStorerFactory@fd0e5b6, org.semanticweb.owlapi.oboformat.OBOFormatStorerFactory@5241cf67, org.semanticweb.owlapi.latex.renderer.LatexStorerFactory@757d6814, org.semanticweb.owlapi.rio.RioTrixStorerFactory@180e6ac4, org.semanticweb.owlapi.krss2.renderer.KRSS2OWLSyntaxStorerFactory@2a1edad4, org.semanticweb.owlapi.dlsyntax.renderer.DLSyntaxStorerFactory@4fad94a7, org.semanticweb.owlapi.rdf.turtle.renderer.TurtleStorerFactory@7fcbe147, org.semanticweb.owlapi.rio.RioJsonLDStorerFactory@3185fa6b, org.semanticweb.owlapi.rio.RioNTriplesStorerFactory@ab7a938, org.semanticweb.owlapi.rio.RioRDFXMLStorerFactory@569bf9eb, org.semanticweb.owlapi.rio.RioJsonStorerFactory@24faea88, org.semanticweb.owlapi.rio.RioTurtleStorerFactory@2a39fe6a, org.semanticweb.owlapi.owlxml.renderer.OWLXMLStorerFactory@305f031, org.semanticweb.owlapi.rio.RioTrigStorerFactory@76ba13c, org.semanticweb.owlapi.rio.RioNQuadsStorerFactory@32f0fba8]] on method public void uk.ac.manchester.cs.owl.owlapi.OWLOntologyManagerImpl.setOntologyStorers(java.util.Set).
WARN  1961 [2021-02-08 14:54:23,174] [main] org.semanticweb.owlapi.util.SAXParsers  - http://www.oracle.com/xml/jaxp/properties/entityExpansionLimit not supported by parser type org.apache.xerces.jaxp.SAXParserImpl, error message: Property 'http://www.oracle.com/xml/jaxp/properties/entityExpansionLimit' is not recognized.
WARN  1961 [2021-02-08 14:54:23,174] [main] org.semanticweb.owlapi.util.SAXParsers  - entityExpansionLimit not supported by parser type org.apache.xerces.jaxp.SAXParserImpl, error message: Property 'entityExpansionLimit' is not recognized.
WARN  2011 [2021-02-08 14:54:23,224] [main] org.semanticweb.owlapi.util.SAXParsers  - http://www.oracle.com/xml/jaxp/properties/entityExpansionLimit not supported by parser type org.apache.xerces.jaxp.SAXParserImpl, error message: Property 'http://www.oracle.com/xml/jaxp/properties/entityExpansionLimit' is not recognized.
WARN  2012 [2021-02-08 14:54:23,225] [main] org.semanticweb.owlapi.util.SAXParsers  - entityExpansionLimit not supported by parser type org.apache.xerces.jaxp.SAXParserImpl, error message: Property 'entityExpansionLimit' is not recognized.
ERROR 0 [2021-02-09 13:47:18,952] [main] org.apache.jena.riot  - [line: 1, col: 1 ] Content is not allowed in prolog.
ERROR 82 [2021-02-09 13:47:19,034] [main] org.apache.jena.riot  - [line: 1929, col: 90] Broken IRI: http://semanticweb.org/STEaMINg/ContextOn
ERROR 86 [2021-02-09 13:47:19,038] [main] org.apache.jena.riot  - [line: 1, col: 1 ] Expected BNode or IRI: Got: [DIRECTIVE:prefix]
ERROR 90 [2021-02-09 13:47:19,042] [main] csparql.ind.App  - Unknown char: @(64)
org.apache.jena.atlas.json.JsonParseException: Unknown char: @(64)
	at org.apache.jena.atlas.json.io.parser.TokenizerJSON.exception(TokenizerJSON.java:789)
	at org.apache.jena.atlas.json.io.parser.TokenizerJSON.exception(TokenizerJSON.java:779)
	at org.apache.jena.atlas.json.io.parser.TokenizerJSON.readKeyWord(TokenizerJSON.java:229)
	at org.apache.jena.atlas.json.io.parser.TokenizerJSON.parseToken(TokenizerJSON.java:187)
	at org.apache.jena.atlas.json.io.parser.TokenizerJSON.hasNext(TokenizerJSON.java:59)
	at org.apache.jena.atlas.iterator.PeekIterator.fill(PeekIterator.java:50)
	at org.apache.jena.atlas.iterator.PeekIterator.<init>(PeekIterator.java:44)
	at org.apache.jena.riot.lang.LangEngine.<init>(LangEngine.java:45)
	at org.apache.jena.riot.lang.LangBase.<init>(LangBase.java:32)
	at org.apache.jena.riot.lang.LangRDFJSON.<init>(LangRDFJSON.java:42)
	at org.apache.jena.riot.RiotReader.createParserRdfJson(RiotReader.java:348)
	at org.apache.jena.riot.RiotReader.createParser(RiotReader.java:163)
	at org.apache.jena.riot.RiotReader.createParser(RiotReader.java:134)
	at org.apache.jena.riot.RDFParserRegistry$ReaderRIOTFactoryImpl$1.read(RDFParserRegistry.java:141)
	at org.apache.jena.riot.RDFDataMgr.process(RDFDataMgr.java:859)
	at org.apache.jena.riot.RDFDataMgr.read(RDFDataMgr.java:255)
	at org.apache.jena.riot.RDFDataMgr.read(RDFDataMgr.java:241)
	at org.apache.jena.riot.adapters.RDFReaderRIOT.read(RDFReaderRIOT.java:70)
	at com.hp.hpl.jena.rdf.model.impl.ModelCom.read(ModelCom.java:286)
	at eu.larkc.csparql.common.utils.CsparqlUtils.serializeRDFFile(CsparqlUtils.java:26)
	at csparql.ind.App.main(App.java:40)
INFO  0 [2021-02-09 13:49:00,042] [main] org.semanticweb.owlapi.utilities.Injector  - Loading file META-INF/services/org.semanticweb.owlapi.model.OWLOntologyManager
INFO  42 [2021-02-09 13:49:00,084] [main] org.semanticweb.owlapi.utilities.Injector  - Loading file META-INF/services/org.semanticweb.owlapi.model.OWLDataFactory
INFO  314 [2021-02-09 13:49:00,356] [main] org.semanticweb.owlapi.utilities.Injector  - Injecting object uk.ac.manchester.cs.owl.owlapi.OWLOntologyManagerImpl@3fffff43
INFO  333 [2021-02-09 13:49:00,375] [main] org.semanticweb.owlapi.utilities.Injector  - Loading file META-INF/services/org.semanticweb.owlapi.model.OWLOntologyIRIMapper
WARN  333 [2021-02-09 13:49:00,375] [main] org.semanticweb.owlapi.utilities.Injector  - No files found for META-INF/services/org.semanticweb.owlapi.model.OWLOntologyIRIMapper
INFO  334 [2021-02-09 13:49:00,376] [main] org.semanticweb.owlapi.utilities.Injector  - Injecting values [[]] on method public void uk.ac.manchester.cs.owl.owlapi.OWLOntologyManagerImpl.setIRIMappers(java.util.Set).
INFO  335 [2021-02-09 13:49:00,377] [main] org.semanticweb.owlapi.utilities.Injector  - Loading file META-INF/services/org.semanticweb.owlapi.io.OWLParserFactory
INFO  353 [2021-02-09 13:49:00,395] [main] org.semanticweb.owlapi.utilities.Injector  - Injecting values [[org.semanticweb.owlapi.owlxml.parser.OWLXMLParserFactory@e260766, org.semanticweb.owlapi.krss2.parser.KRSS2OWLParserFactory@5ddabb18, org.semanticweb.owlapi.rio.RioNQuadsParserFactory@7fc44dec, org.semanticweb.owlapi.rio.RioTurtleParserFactory@5536379e, org.semanticweb.owlapi.functional.parser.OWLFunctionalSyntaxOWLParserFactory@38f57b3d, org.semanticweb.owlapi.rdf.turtle.parser.TurtleOntologyParserFactory@1de5f0ef, org.semanticweb.owlapi.rdf.rdfxml.parser.RDFXMLParserFactory@40258c2f, org.semanticweb.owlapi.rio.RioBinaryRdfParserFactory@3f446bef, org.semanticweb.owlapi.rio.RioTrixParserFactory@2756c0a7, org.semanticweb.owlapi.rio.RioJsonParserFactory@1252b961, org.semanticweb.owlapi.rio.RioTrigParserFactory@773cbf4f, org.semanticweb.owlapi.rio.RioNTriplesParserFactory@62fad19, org.semanticweb.owlapi.rio.RioRDFaParserFactory@4f2613d1, org.semanticweb.owlapi.rio.RioN3ParserFactory@36676c1a, org.semanticweb.owlapi.rio.RioJsonLDParserFactory@72445aba, org.semanticweb.owlapi.dlsyntax.parser.DLSyntaxOWLParserFactory@34a1d21f, org.semanticweb.owlapi.oboformat.OBOFormatOWLAPIParserFactory@6f0ca692, org.semanticweb.owlapi.rio.RioRDFXMLParserFactory@426b6a74, org.semanticweb.owlapi.manchestersyntax.parser.ManchesterOWLSyntaxOntologyParserFactory@1bc715b8]] on method public void uk.ac.manchester.cs.owl.owlapi.OWLOntologyManagerImpl.setOntologyParsers(java.util.Set).
INFO  355 [2021-02-09 13:49:00,397] [main] org.semanticweb.owlapi.utilities.Injector  - Loading file META-INF/services/org.semanticweb.owlapi.model.OWLOntologyFactory
INFO  358 [2021-02-09 13:49:00,400] [main] org.semanticweb.owlapi.utilities.Injector  - Injecting values [[uk.ac.manchester.cs.owl.owlapi.OWLOntologyFactoryImpl@58670130]] on method public void uk.ac.manchester.cs.owl.owlapi.OWLOntologyManagerImpl.setOntologyFactories(java.util.Set).
INFO  358 [2021-02-09 13:49:00,400] [main] org.semanticweb.owlapi.utilities.Injector  - Loading file META-INF/services/org.semanticweb.owlapi.model.OWLStorerFactory
INFO  364 [2021-02-09 13:49:00,406] [main] org.semanticweb.owlapi.utilities.Injector  - Injecting values [[org.semanticweb.owlapi.rio.RioNTriplesStorerFactory@48c35007, org.semanticweb.owlapi.rio.RioTrixStorerFactory@6d0b5baf, org.semanticweb.owlapi.functional.renderer.FunctionalSyntaxStorerFactory@297ea53a, org.semanticweb.owlapi.krss2.renderer.KRSS2OWLSyntaxStorerFactory@62e70ea3, org.semanticweb.owlapi.rio.RioJsonLDStorerFactory@1992eaf4, org.semanticweb.owlapi.rio.RioN3StorerFactory@21d8bcbe, org.semanticweb.owlapi.owlxml.renderer.OWLXMLStorerFactory@482d776b, org.semanticweb.owlapi.rdf.rdfxml.renderer.RDFXMLStorerFactory@1643d68f, org.semanticweb.owlapi.dlsyntax.renderer.DLSyntaxHTMLStorerFactory@3a320ade, org.semanticweb.owlapi.rio.RioTrigStorerFactory@b40bb6e, org.semanticweb.owlapi.manchestersyntax.renderer.ManchesterSyntaxStorerFactory@267f474e, org.semanticweb.owlapi.rio.RioRDFXMLStorerFactory@18f20260, org.semanticweb.owlapi.rio.RioNQuadsStorerFactory@18245eb0, org.semanticweb.owlapi.rdf.turtle.renderer.TurtleStorerFactory@741b3bc3, org.semanticweb.owlapi.oboformat.OBOFormatStorerFactory@545de5a4, org.semanticweb.owlapi.rio.RioBinaryRdfStorerFactory@2488b073, org.semanticweb.owlapi.rio.RioJsonStorerFactory@3f28bd56, org.semanticweb.owlapi.rio.RioTurtleStorerFactory@34a75079, org.semanticweb.owlapi.latex.renderer.LatexStorerFactory@7651218e, org.semanticweb.owlapi.dlsyntax.renderer.DLSyntaxStorerFactory@bcec031]] on method public void uk.ac.manchester.cs.owl.owlapi.OWLOntologyManagerImpl.setOntologyStorers(java.util.Set).
WARN  523 [2021-02-09 13:49:00,565] [main] org.semanticweb.owlapi.util.SAXParsers  - http://www.oracle.com/xml/jaxp/properties/entityExpansionLimit not supported by parser type org.apache.xerces.jaxp.SAXParserImpl, error message: Property 'http://www.oracle.com/xml/jaxp/properties/entityExpansionLimit' is not recognized.
WARN  524 [2021-02-09 13:49:00,566] [main] org.semanticweb.owlapi.util.SAXParsers  - entityExpansionLimit not supported by parser type org.apache.xerces.jaxp.SAXParserImpl, error message: Property 'entityExpansionLimit' is not recognized.
INFO  0 [2021-02-15 11:43:05,250] [main] org.semanticweb.owlapi.utilities.Injector  - Loading file META-INF/services/org.semanticweb.owlapi.model.OWLOntologyManager
INFO  71 [2021-02-15 11:43:05,321] [main] org.semanticweb.owlapi.utilities.Injector  - Loading file META-INF/services/org.semanticweb.owlapi.model.OWLDataFactory
INFO  544 [2021-02-15 11:43:05,794] [main] org.semanticweb.owlapi.utilities.Injector  - Injecting object uk.ac.manchester.cs.owl.owlapi.OWLOntologyManagerImpl@3fffff43
INFO  572 [2021-02-15 11:43:05,822] [main] org.semanticweb.owlapi.utilities.Injector  - Loading file META-INF/services/org.semanticweb.owlapi.model.OWLOntologyIRIMapper
WARN  572 [2021-02-15 11:43:05,822] [main] org.semanticweb.owlapi.utilities.Injector  - No files found for META-INF/services/org.semanticweb.owlapi.model.OWLOntologyIRIMapper
INFO  574 [2021-02-15 11:43:05,824] [main] org.semanticweb.owlapi.utilities.Injector  - Injecting values [[]] on method public void uk.ac.manchester.cs.owl.owlapi.OWLOntologyManagerImpl.setIRIMappers(java.util.Set).
INFO  577 [2021-02-15 11:43:05,827] [main] org.semanticweb.owlapi.utilities.Injector  - Loading file META-INF/services/org.semanticweb.owlapi.io.OWLParserFactory
INFO  610 [2021-02-15 11:43:05,860] [main] org.semanticweb.owlapi.utilities.Injector  - Injecting values [[org.semanticweb.owlapi.owlxml.parser.OWLXMLParserFactory@e260766, org.semanticweb.owlapi.krss2.parser.KRSS2OWLParserFactory@5ddabb18, org.semanticweb.owlapi.rio.RioNQuadsParserFactory@7fc44dec, org.semanticweb.owlapi.rio.RioTurtleParserFactory@5536379e, org.semanticweb.owlapi.functional.parser.OWLFunctionalSyntaxOWLParserFactory@38f57b3d, org.semanticweb.owlapi.rdf.turtle.parser.TurtleOntologyParserFactory@1de5f0ef, org.semanticweb.owlapi.rdf.rdfxml.parser.RDFXMLParserFactory@40258c2f, org.semanticweb.owlapi.rio.RioBinaryRdfParserFactory@3f446bef, org.semanticweb.owlapi.rio.RioTrixParserFactory@2756c0a7, org.semanticweb.owlapi.rio.RioJsonParserFactory@1252b961, org.semanticweb.owlapi.rio.RioTrigParserFactory@773cbf4f, org.semanticweb.owlapi.rio.RioNTriplesParserFactory@62fad19, org.semanticweb.owlapi.rio.RioRDFaParserFactory@4f2613d1, org.semanticweb.owlapi.rio.RioN3ParserFactory@36676c1a, org.semanticweb.owlapi.rio.RioJsonLDParserFactory@72445aba, org.semanticweb.owlapi.dlsyntax.parser.DLSyntaxOWLParserFactory@34a1d21f, org.semanticweb.owlapi.oboformat.OBOFormatOWLAPIParserFactory@6f0ca692, org.semanticweb.owlapi.rio.RioRDFXMLParserFactory@426b6a74, org.semanticweb.owlapi.manchestersyntax.parser.ManchesterOWLSyntaxOntologyParserFactory@1bc715b8]] on method public void uk.ac.manchester.cs.owl.owlapi.OWLOntologyManagerImpl.setOntologyParsers(java.util.Set).
INFO  612 [2021-02-15 11:43:05,862] [main] org.semanticweb.owlapi.utilities.Injector  - Loading file META-INF/services/org.semanticweb.owlapi.model.OWLOntologyFactory
INFO  618 [2021-02-15 11:43:05,868] [main] org.semanticweb.owlapi.utilities.Injector  - Injecting values [[uk.ac.manchester.cs.owl.owlapi.OWLOntologyFactoryImpl@58670130]] on method public void uk.ac.manchester.cs.owl.owlapi.OWLOntologyManagerImpl.setOntologyFactories(java.util.Set).
INFO  625 [2021-02-15 11:43:05,875] [main] org.semanticweb.owlapi.utilities.Injector  - Loading file META-INF/services/org.semanticweb.owlapi.model.OWLStorerFactory
INFO  638 [2021-02-15 11:43:05,888] [main] org.semanticweb.owlapi.utilities.Injector  - Injecting values [[org.semanticweb.owlapi.rio.RioNTriplesStorerFactory@48c35007, org.semanticweb.owlapi.rio.RioTrixStorerFactory@6d0b5baf, org.semanticweb.owlapi.functional.renderer.FunctionalSyntaxStorerFactory@297ea53a, org.semanticweb.owlapi.krss2.renderer.KRSS2OWLSyntaxStorerFactory@62e70ea3, org.semanticweb.owlapi.rio.RioJsonLDStorerFactory@1992eaf4, org.semanticweb.owlapi.rio.RioN3StorerFactory@21d8bcbe, org.semanticweb.owlapi.owlxml.renderer.OWLXMLStorerFactory@482d776b, org.semanticweb.owlapi.rdf.rdfxml.renderer.RDFXMLStorerFactory@1643d68f, org.semanticweb.owlapi.dlsyntax.renderer.DLSyntaxHTMLStorerFactory@3a320ade, org.semanticweb.owlapi.rio.RioTrigStorerFactory@b40bb6e, org.semanticweb.owlapi.manchestersyntax.renderer.ManchesterSyntaxStorerFactory@267f474e, org.semanticweb.owlapi.rio.RioRDFXMLStorerFactory@18f20260, org.semanticweb.owlapi.rio.RioNQuadsStorerFactory@18245eb0, org.semanticweb.owlapi.rdf.turtle.renderer.TurtleStorerFactory@741b3bc3, org.semanticweb.owlapi.oboformat.OBOFormatStorerFactory@545de5a4, org.semanticweb.owlapi.rio.RioBinaryRdfStorerFactory@2488b073, org.semanticweb.owlapi.rio.RioJsonStorerFactory@3f28bd56, org.semanticweb.owlapi.rio.RioTurtleStorerFactory@34a75079, org.semanticweb.owlapi.latex.renderer.LatexStorerFactory@7651218e, org.semanticweb.owlapi.dlsyntax.renderer.DLSyntaxStorerFactory@bcec031]] on method public void uk.ac.manchester.cs.owl.owlapi.OWLOntologyManagerImpl.setOntologyStorers(java.util.Set).
WARN  844 [2021-02-15 11:43:06,094] [main] org.semanticweb.owlapi.util.SAXParsers  - http://www.oracle.com/xml/jaxp/properties/entityExpansionLimit not supported by parser type org.apache.xerces.jaxp.SAXParserImpl, error message: Property 'http://www.oracle.com/xml/jaxp/properties/entityExpansionLimit' is not recognized.
WARN  846 [2021-02-15 11:43:06,096] [main] org.semanticweb.owlapi.util.SAXParsers  - entityExpansionLimit not supported by parser type org.apache.xerces.jaxp.SAXParserImpl, error message: Property 'entityExpansionLimit' is not recognized.
ERROR 1905 [2021-02-15 11:43:07,155] [main] csparql.ind.App  - Non-group key variable in SELECT: ?s
com.hp.hpl.jena.query.QueryParseException: Non-group key variable in SELECT: ?s
	at com.hp.hpl.jena.sparql.lang.SyntaxVarScope.checkExprVarUse(SyntaxVarScope.java:165)
	at com.hp.hpl.jena.sparql.lang.SyntaxVarScope.check(SyntaxVarScope.java:119)
	at com.hp.hpl.jena.sparql.lang.SyntaxVarScope.check(SyntaxVarScope.java:70)
	at com.hp.hpl.jena.sparql.lang.SPARQLParser.validateParsedQuery(SPARQLParser.java:56)
	at com.hp.hpl.jena.sparql.lang.ParserSPARQL11.parse$(ParserSPARQL11.java:54)
	at com.hp.hpl.jena.sparql.lang.SPARQLParser.parse(SPARQLParser.java:37)
	at com.hp.hpl.jena.query.QueryFactory.parse(QueryFactory.java:139)
	at com.hp.hpl.jena.query.QueryFactory.create(QueryFactory.java:79)
	at com.hp.hpl.jena.query.QueryFactory.create(QueryFactory.java:52)
	at eu.larkc.csparql.sparql.jena.JenaEngine.parseSparqlQuery(JenaEngine.java:541)
	at eu.larkc.csparql.core.engine.CsparqlEngineImpl.registerQuery(CsparqlEngineImpl.java:309)
	at csparql.ind.App.main(App.java:105)
INFO  0 [2021-02-15 11:44:03,657] [main] org.semanticweb.owlapi.utilities.Injector  - Loading file META-INF/services/org.semanticweb.owlapi.model.OWLOntologyManager
INFO  57 [2021-02-15 11:44:03,714] [main] org.semanticweb.owlapi.utilities.Injector  - Loading file META-INF/services/org.semanticweb.owlapi.model.OWLDataFactory
INFO  312 [2021-02-15 11:44:03,969] [main] org.semanticweb.owlapi.utilities.Injector  - Injecting object uk.ac.manchester.cs.owl.owlapi.OWLOntologyManagerImpl@3fffff43
INFO  329 [2021-02-15 11:44:03,986] [main] org.semanticweb.owlapi.utilities.Injector  - Loading file META-INF/services/org.semanticweb.owlapi.model.OWLOntologyIRIMapper
WARN  329 [2021-02-15 11:44:03,986] [main] org.semanticweb.owlapi.utilities.Injector  - No files found for META-INF/services/org.semanticweb.owlapi.model.OWLOntologyIRIMapper
INFO  330 [2021-02-15 11:44:03,987] [main] org.semanticweb.owlapi.utilities.Injector  - Injecting values [[]] on method public void uk.ac.manchester.cs.owl.owlapi.OWLOntologyManagerImpl.setIRIMappers(java.util.Set).
INFO  331 [2021-02-15 11:44:03,988] [main] org.semanticweb.owlapi.utilities.Injector  - Loading file META-INF/services/org.semanticweb.owlapi.io.OWLParserFactory
INFO  346 [2021-02-15 11:44:04,003] [main] org.semanticweb.owlapi.utilities.Injector  - Injecting values [[org.semanticweb.owlapi.owlxml.parser.OWLXMLParserFactory@e260766, org.semanticweb.owlapi.krss2.parser.KRSS2OWLParserFactory@5ddabb18, org.semanticweb.owlapi.rio.RioNQuadsParserFactory@7fc44dec, org.semanticweb.owlapi.rio.RioTurtleParserFactory@5536379e, org.semanticweb.owlapi.functional.parser.OWLFunctionalSyntaxOWLParserFactory@38f57b3d, org.semanticweb.owlapi.rdf.turtle.parser.TurtleOntologyParserFactory@1de5f0ef, org.semanticweb.owlapi.rdf.rdfxml.parser.RDFXMLParserFactory@40258c2f, org.semanticweb.owlapi.rio.RioBinaryRdfParserFactory@3f446bef, org.semanticweb.owlapi.rio.RioTrixParserFactory@2756c0a7, org.semanticweb.owlapi.rio.RioJsonParserFactory@1252b961, org.semanticweb.owlapi.rio.RioTrigParserFactory@773cbf4f, org.semanticweb.owlapi.rio.RioNTriplesParserFactory@62fad19, org.semanticweb.owlapi.rio.RioRDFaParserFactory@4f2613d1, org.semanticweb.owlapi.rio.RioN3ParserFactory@36676c1a, org.semanticweb.owlapi.rio.RioJsonLDParserFactory@72445aba, org.semanticweb.owlapi.dlsyntax.parser.DLSyntaxOWLParserFactory@34a1d21f, org.semanticweb.owlapi.oboformat.OBOFormatOWLAPIParserFactory@6f0ca692, org.semanticweb.owlapi.rio.RioRDFXMLParserFactory@426b6a74, org.semanticweb.owlapi.manchestersyntax.parser.ManchesterOWLSyntaxOntologyParserFactory@1bc715b8]] on method public void uk.ac.manchester.cs.owl.owlapi.OWLOntologyManagerImpl.setOntologyParsers(java.util.Set).
INFO  348 [2021-02-15 11:44:04,005] [main] org.semanticweb.owlapi.utilities.Injector  - Loading file META-INF/services/org.semanticweb.owlapi.model.OWLOntologyFactory
INFO  351 [2021-02-15 11:44:04,008] [main] org.semanticweb.owlapi.utilities.Injector  - Injecting values [[uk.ac.manchester.cs.owl.owlapi.OWLOntologyFactoryImpl@58670130]] on method public void uk.ac.manchester.cs.owl.owlapi.OWLOntologyManagerImpl.setOntologyFactories(java.util.Set).
INFO  351 [2021-02-15 11:44:04,008] [main] org.semanticweb.owlapi.utilities.Injector  - Loading file META-INF/services/org.semanticweb.owlapi.model.OWLStorerFactory
INFO  360 [2021-02-15 11:44:04,017] [main] org.semanticweb.owlapi.utilities.Injector  - Injecting values [[org.semanticweb.owlapi.rio.RioNTriplesStorerFactory@48c35007, org.semanticweb.owlapi.rio.RioTrixStorerFactory@6d0b5baf, org.semanticweb.owlapi.functional.renderer.FunctionalSyntaxStorerFactory@297ea53a, org.semanticweb.owlapi.krss2.renderer.KRSS2OWLSyntaxStorerFactory@62e70ea3, org.semanticweb.owlapi.rio.RioJsonLDStorerFactory@1992eaf4, org.semanticweb.owlapi.rio.RioN3StorerFactory@21d8bcbe, org.semanticweb.owlapi.owlxml.renderer.OWLXMLStorerFactory@482d776b, org.semanticweb.owlapi.rdf.rdfxml.renderer.RDFXMLStorerFactory@1643d68f, org.semanticweb.owlapi.dlsyntax.renderer.DLSyntaxHTMLStorerFactory@3a320ade, org.semanticweb.owlapi.rio.RioTrigStorerFactory@b40bb6e, org.semanticweb.owlapi.manchestersyntax.renderer.ManchesterSyntaxStorerFactory@267f474e, org.semanticweb.owlapi.rio.RioRDFXMLStorerFactory@18f20260, org.semanticweb.owlapi.rio.RioNQuadsStorerFactory@18245eb0, org.semanticweb.owlapi.rdf.turtle.renderer.TurtleStorerFactory@741b3bc3, org.semanticweb.owlapi.oboformat.OBOFormatStorerFactory@545de5a4, org.semanticweb.owlapi.rio.RioBinaryRdfStorerFactory@2488b073, org.semanticweb.owlapi.rio.RioJsonStorerFactory@3f28bd56, org.semanticweb.owlapi.rio.RioTurtleStorerFactory@34a75079, org.semanticweb.owlapi.latex.renderer.LatexStorerFactory@7651218e, org.semanticweb.owlapi.dlsyntax.renderer.DLSyntaxStorerFactory@bcec031]] on method public void uk.ac.manchester.cs.owl.owlapi.OWLOntologyManagerImpl.setOntologyStorers(java.util.Set).
WARN  518 [2021-02-15 11:44:04,175] [main] org.semanticweb.owlapi.util.SAXParsers  - http://www.oracle.com/xml/jaxp/properties/entityExpansionLimit not supported by parser type org.apache.xerces.jaxp.SAXParserImpl, error message: Property 'http://www.oracle.com/xml/jaxp/properties/entityExpansionLimit' is not recognized.
WARN  520 [2021-02-15 11:44:04,177] [main] org.semanticweb.owlapi.util.SAXParsers  - entityExpansionLimit not supported by parser type org.apache.xerces.jaxp.SAXParserImpl, error message: Property 'entityExpansionLimit' is not recognized.
INFO  0 [2021-02-15 11:47:21,957] [main] org.semanticweb.owlapi.utilities.Injector  - Loading file META-INF/services/org.semanticweb.owlapi.model.OWLOntologyManager
INFO  55 [2021-02-15 11:47:22,012] [main] org.semanticweb.owlapi.utilities.Injector  - Loading file META-INF/services/org.semanticweb.owlapi.model.OWLDataFactory
INFO  318 [2021-02-15 11:47:22,275] [main] org.semanticweb.owlapi.utilities.Injector  - Injecting object uk.ac.manchester.cs.owl.owlapi.OWLOntologyManagerImpl@3fffff43
INFO  338 [2021-02-15 11:47:22,295] [main] org.semanticweb.owlapi.utilities.Injector  - Loading file META-INF/services/org.semanticweb.owlapi.model.OWLOntologyIRIMapper
WARN  339 [2021-02-15 11:47:22,296] [main] org.semanticweb.owlapi.utilities.Injector  - No files found for META-INF/services/org.semanticweb.owlapi.model.OWLOntologyIRIMapper
INFO  340 [2021-02-15 11:47:22,297] [main] org.semanticweb.owlapi.utilities.Injector  - Injecting values [[]] on method public void uk.ac.manchester.cs.owl.owlapi.OWLOntologyManagerImpl.setIRIMappers(java.util.Set).
INFO  342 [2021-02-15 11:47:22,299] [main] org.semanticweb.owlapi.utilities.Injector  - Loading file META-INF/services/org.semanticweb.owlapi.io.OWLParserFactory
INFO  360 [2021-02-15 11:47:22,317] [main] org.semanticweb.owlapi.utilities.Injector  - Injecting values [[org.semanticweb.owlapi.owlxml.parser.OWLXMLParserFactory@e260766, org.semanticweb.owlapi.krss2.parser.KRSS2OWLParserFactory@5ddabb18, org.semanticweb.owlapi.rio.RioNQuadsParserFactory@7fc44dec, org.semanticweb.owlapi.rio.RioTurtleParserFactory@5536379e, org.semanticweb.owlapi.functional.parser.OWLFunctionalSyntaxOWLParserFactory@38f57b3d, org.semanticweb.owlapi.rdf.turtle.parser.TurtleOntologyParserFactory@1de5f0ef, org.semanticweb.owlapi.rdf.rdfxml.parser.RDFXMLParserFactory@40258c2f, org.semanticweb.owlapi.rio.RioBinaryRdfParserFactory@3f446bef, org.semanticweb.owlapi.rio.RioTrixParserFactory@2756c0a7, org.semanticweb.owlapi.rio.RioJsonParserFactory@1252b961, org.semanticweb.owlapi.rio.RioTrigParserFactory@773cbf4f, org.semanticweb.owlapi.rio.RioNTriplesParserFactory@62fad19, org.semanticweb.owlapi.rio.RioRDFaParserFactory@4f2613d1, org.semanticweb.owlapi.rio.RioN3ParserFactory@36676c1a, org.semanticweb.owlapi.rio.RioJsonLDParserFactory@72445aba, org.semanticweb.owlapi.dlsyntax.parser.DLSyntaxOWLParserFactory@34a1d21f, org.semanticweb.owlapi.oboformat.OBOFormatOWLAPIParserFactory@6f0ca692, org.semanticweb.owlapi.rio.RioRDFXMLParserFactory@426b6a74, org.semanticweb.owlapi.manchestersyntax.parser.ManchesterOWLSyntaxOntologyParserFactory@1bc715b8]] on method public void uk.ac.manchester.cs.owl.owlapi.OWLOntologyManagerImpl.setOntologyParsers(java.util.Set).
INFO  361 [2021-02-15 11:47:22,318] [main] org.semanticweb.owlapi.utilities.Injector  - Loading file META-INF/services/org.semanticweb.owlapi.model.OWLOntologyFactory
INFO  364 [2021-02-15 11:47:22,321] [main] org.semanticweb.owlapi.utilities.Injector  - Injecting values [[uk.ac.manchester.cs.owl.owlapi.OWLOntologyFactoryImpl@58670130]] on method public void uk.ac.manchester.cs.owl.owlapi.OWLOntologyManagerImpl.setOntologyFactories(java.util.Set).
INFO  364 [2021-02-15 11:47:22,321] [main] org.semanticweb.owlapi.utilities.Injector  - Loading file META-INF/services/org.semanticweb.owlapi.model.OWLStorerFactory
INFO  371 [2021-02-15 11:47:22,328] [main] org.semanticweb.owlapi.utilities.Injector  - Injecting values [[org.semanticweb.owlapi.rio.RioNTriplesStorerFactory@48c35007, org.semanticweb.owlapi.rio.RioTrixStorerFactory@6d0b5baf, org.semanticweb.owlapi.functional.renderer.FunctionalSyntaxStorerFactory@297ea53a, org.semanticweb.owlapi.krss2.renderer.KRSS2OWLSyntaxStorerFactory@62e70ea3, org.semanticweb.owlapi.rio.RioJsonLDStorerFactory@1992eaf4, org.semanticweb.owlapi.rio.RioN3StorerFactory@21d8bcbe, org.semanticweb.owlapi.owlxml.renderer.OWLXMLStorerFactory@482d776b, org.semanticweb.owlapi.rdf.rdfxml.renderer.RDFXMLStorerFactory@1643d68f, org.semanticweb.owlapi.dlsyntax.renderer.DLSyntaxHTMLStorerFactory@3a320ade, org.semanticweb.owlapi.rio.RioTrigStorerFactory@b40bb6e, org.semanticweb.owlapi.manchestersyntax.renderer.ManchesterSyntaxStorerFactory@267f474e, org.semanticweb.owlapi.rio.RioRDFXMLStorerFactory@18f20260, org.semanticweb.owlapi.rio.RioNQuadsStorerFactory@18245eb0, org.semanticweb.owlapi.rdf.turtle.renderer.TurtleStorerFactory@741b3bc3, org.semanticweb.owlapi.oboformat.OBOFormatStorerFactory@545de5a4, org.semanticweb.owlapi.rio.RioBinaryRdfStorerFactory@2488b073, org.semanticweb.owlapi.rio.RioJsonStorerFactory@3f28bd56, org.semanticweb.owlapi.rio.RioTurtleStorerFactory@34a75079, org.semanticweb.owlapi.latex.renderer.LatexStorerFactory@7651218e, org.semanticweb.owlapi.dlsyntax.renderer.DLSyntaxStorerFactory@bcec031]] on method public void uk.ac.manchester.cs.owl.owlapi.OWLOntologyManagerImpl.setOntologyStorers(java.util.Set).
WARN  529 [2021-02-15 11:47:22,486] [main] org.semanticweb.owlapi.util.SAXParsers  - http://www.oracle.com/xml/jaxp/properties/entityExpansionLimit not supported by parser type org.apache.xerces.jaxp.SAXParserImpl, error message: Property 'http://www.oracle.com/xml/jaxp/properties/entityExpansionLimit' is not recognized.
WARN  529 [2021-02-15 11:47:22,486] [main] org.semanticweb.owlapi.util.SAXParsers  - entityExpansionLimit not supported by parser type org.apache.xerces.jaxp.SAXParserImpl, error message: Property 'entityExpansionLimit' is not recognized.
ERROR 0 [2021-02-15 11:51:56,757] [main] org.apache.jena.riot  - [line: 6290, col: 84] XML document structures must start and end within the same entity.
ERROR 16 [2021-02-15 11:51:56,773] [main] org.apache.jena.riot  - [line: 3, col: 1 ] Broken IRI (newline): rdf:RDF xmlns="http://semanticweb.org/STEaMINg/ContextOntology-COInd4#"
ERROR 22 [2021-02-15 11:51:56,779] [main] org.apache.jena.riot  - [line: 3, col: 1 ] Broken IRI (newline): rdf:RDF xmlns="http://semanticweb.org/STEaMINg/ContextOntology-COInd4#"
ERROR 27 [2021-02-15 11:51:56,784] [main] org.apache.jena.riot  - [line: 1, col: 1 ] Expected a { character to start a JSON Object but got [LT]
ERROR 29 [2021-02-15 11:51:56,786] [main] csparql.ind.App  - [line: 1, col: 1 ] Expected a { character to start a JSON Object but got [LT]
org.apache.jena.riot.RiotException: [line: 1, col: 1 ] Expected a { character to start a JSON Object but got [LT]
	at org.apache.jena.riot.system.ErrorHandlerFactory$ErrorHandlerStd.fatal(ErrorHandlerFactory.java:136)
	at org.apache.jena.riot.lang.LangEngine.raiseException(LangEngine.java:163)
	at org.apache.jena.riot.lang.LangEngine.exceptionDirect(LangEngine.java:156)
	at org.apache.jena.riot.lang.LangEngine.exception(LangEngine.java:149)
	at org.apache.jena.riot.lang.LangRDFJSON.tryParseGraph(LangRDFJSON.java:85)
	at org.apache.jena.riot.lang.LangRDFJSON.runParser(LangRDFJSON.java:55)
	at org.apache.jena.riot.lang.LangBase.parse(LangBase.java:42)
	at org.apache.jena.riot.RDFParserRegistry$ReaderRIOTFactoryImpl$1.read(RDFParserRegistry.java:142)
	at org.apache.jena.riot.RDFDataMgr.process(RDFDataMgr.java:859)
	at org.apache.jena.riot.RDFDataMgr.read(RDFDataMgr.java:255)
	at org.apache.jena.riot.RDFDataMgr.read(RDFDataMgr.java:241)
	at org.apache.jena.riot.adapters.RDFReaderRIOT.read(RDFReaderRIOT.java:70)
	at com.hp.hpl.jena.rdf.model.impl.ModelCom.read(ModelCom.java:286)
	at eu.larkc.csparql.common.utils.CsparqlUtils.serializeRDFFile(CsparqlUtils.java:26)
	at csparql.ind.App.main(App.java:40)
ERROR 0 [2021-02-15 11:52:12,099] [main] org.apache.jena.riot  - [line: 6290, col: 84] XML document structures must start and end within the same entity.
ERROR 22 [2021-02-15 11:52:12,121] [main] org.apache.jena.riot  - [line: 3, col: 1 ] Broken IRI (newline): rdf:RDF xmlns="http://semanticweb.org/STEaMINg/ContextOntology-COInd4#"
ERROR 25 [2021-02-15 11:52:12,124] [main] org.apache.jena.riot  - [line: 3, col: 1 ] Broken IRI (newline): rdf:RDF xmlns="http://semanticweb.org/STEaMINg/ContextOntology-COInd4#"
ERROR 36 [2021-02-15 11:52:12,135] [main] org.apache.jena.riot  - [line: 1, col: 1 ] Expected a { character to start a JSON Object but got [LT]
ERROR 38 [2021-02-15 11:52:12,137] [main] csparql.ind.App  - [line: 1, col: 1 ] Expected a { character to start a JSON Object but got [LT]
org.apache.jena.riot.RiotException: [line: 1, col: 1 ] Expected a { character to start a JSON Object but got [LT]
	at org.apache.jena.riot.system.ErrorHandlerFactory$ErrorHandlerStd.fatal(ErrorHandlerFactory.java:136)
	at org.apache.jena.riot.lang.LangEngine.raiseException(LangEngine.java:163)
	at org.apache.jena.riot.lang.LangEngine.exceptionDirect(LangEngine.java:156)
	at org.apache.jena.riot.lang.LangEngine.exception(LangEngine.java:149)
	at org.apache.jena.riot.lang.LangRDFJSON.tryParseGraph(LangRDFJSON.java:85)
	at org.apache.jena.riot.lang.LangRDFJSON.runParser(LangRDFJSON.java:55)
	at org.apache.jena.riot.lang.LangBase.parse(LangBase.java:42)
	at org.apache.jena.riot.RDFParserRegistry$ReaderRIOTFactoryImpl$1.read(RDFParserRegistry.java:142)
	at org.apache.jena.riot.RDFDataMgr.process(RDFDataMgr.java:859)
	at org.apache.jena.riot.RDFDataMgr.read(RDFDataMgr.java:255)
	at org.apache.jena.riot.RDFDataMgr.read(RDFDataMgr.java:241)
	at org.apache.jena.riot.adapters.RDFReaderRIOT.read(RDFReaderRIOT.java:70)
	at com.hp.hpl.jena.rdf.model.impl.ModelCom.read(ModelCom.java:286)
	at eu.larkc.csparql.common.utils.CsparqlUtils.serializeRDFFile(CsparqlUtils.java:26)
	at csparql.ind.App.main(App.java:40)
ERROR 0 [2021-02-15 11:52:57,812] [main] org.apache.jena.riot  - [line: 6290, col: 84] XML document structures must start and end within the same entity.
ERROR 17 [2021-02-15 11:52:57,829] [main] org.apache.jena.riot  - [line: 3, col: 1 ] Broken IRI (newline): rdf:RDF xmlns="http://semanticweb.org/STEaMINg/ContextOntology-COInd4#"
ERROR 21 [2021-02-15 11:52:57,833] [main] org.apache.jena.riot  - [line: 3, col: 1 ] Broken IRI (newline): rdf:RDF xmlns="http://semanticweb.org/STEaMINg/ContextOntology-COInd4#"
ERROR 26 [2021-02-15 11:52:57,838] [main] org.apache.jena.riot  - [line: 1, col: 1 ] Expected a { character to start a JSON Object but got [LT]
ERROR 28 [2021-02-15 11:52:57,840] [main] csparql.ind.App  - [line: 1, col: 1 ] Expected a { character to start a JSON Object but got [LT]
org.apache.jena.riot.RiotException: [line: 1, col: 1 ] Expected a { character to start a JSON Object but got [LT]
	at org.apache.jena.riot.system.ErrorHandlerFactory$ErrorHandlerStd.fatal(ErrorHandlerFactory.java:136)
	at org.apache.jena.riot.lang.LangEngine.raiseException(LangEngine.java:163)
	at org.apache.jena.riot.lang.LangEngine.exceptionDirect(LangEngine.java:156)
	at org.apache.jena.riot.lang.LangEngine.exception(LangEngine.java:149)
	at org.apache.jena.riot.lang.LangRDFJSON.tryParseGraph(LangRDFJSON.java:85)
	at org.apache.jena.riot.lang.LangRDFJSON.runParser(LangRDFJSON.java:55)
	at org.apache.jena.riot.lang.LangBase.parse(LangBase.java:42)
	at org.apache.jena.riot.RDFParserRegistry$ReaderRIOTFactoryImpl$1.read(RDFParserRegistry.java:142)
	at org.apache.jena.riot.RDFDataMgr.process(RDFDataMgr.java:859)
	at org.apache.jena.riot.RDFDataMgr.read(RDFDataMgr.java:255)
	at org.apache.jena.riot.RDFDataMgr.read(RDFDataMgr.java:241)
	at org.apache.jena.riot.adapters.RDFReaderRIOT.read(RDFReaderRIOT.java:70)
	at com.hp.hpl.jena.rdf.model.impl.ModelCom.read(ModelCom.java:286)
	at eu.larkc.csparql.common.utils.CsparqlUtils.serializeRDFFile(CsparqlUtils.java:26)
	at csparql.ind.App.main(App.java:40)
ERROR 0 [2021-02-15 11:53:18,047] [main] org.apache.jena.riot  - [line: 6290, col: 84] XML document structures must start and end within the same entity.
ERROR 27 [2021-02-15 11:53:18,074] [main] org.apache.jena.riot  - [line: 3, col: 1 ] Broken IRI (newline): rdf:RDF xmlns="http://semanticweb.org/STEaMINg/ContextOntology-COInd4#"
ERROR 31 [2021-02-15 11:53:18,078] [main] org.apache.jena.riot  - [line: 3, col: 1 ] Broken IRI (newline): rdf:RDF xmlns="http://semanticweb.org/STEaMINg/ContextOntology-COInd4#"
ERROR 36 [2021-02-15 11:53:18,083] [main] org.apache.jena.riot  - [line: 1, col: 1 ] Expected a { character to start a JSON Object but got [LT]
ERROR 38 [2021-02-15 11:53:18,085] [main] csparql.ind.App  - [line: 1, col: 1 ] Expected a { character to start a JSON Object but got [LT]
org.apache.jena.riot.RiotException: [line: 1, col: 1 ] Expected a { character to start a JSON Object but got [LT]
	at org.apache.jena.riot.system.ErrorHandlerFactory$ErrorHandlerStd.fatal(ErrorHandlerFactory.java:136)
	at org.apache.jena.riot.lang.LangEngine.raiseException(LangEngine.java:163)
	at org.apache.jena.riot.lang.LangEngine.exceptionDirect(LangEngine.java:156)
	at org.apache.jena.riot.lang.LangEngine.exception(LangEngine.java:149)
	at org.apache.jena.riot.lang.LangRDFJSON.tryParseGraph(LangRDFJSON.java:85)
	at org.apache.jena.riot.lang.LangRDFJSON.runParser(LangRDFJSON.java:55)
	at org.apache.jena.riot.lang.LangBase.parse(LangBase.java:42)
	at org.apache.jena.riot.RDFParserRegistry$ReaderRIOTFactoryImpl$1.read(RDFParserRegistry.java:142)
	at org.apache.jena.riot.RDFDataMgr.process(RDFDataMgr.java:859)
	at org.apache.jena.riot.RDFDataMgr.read(RDFDataMgr.java:255)
	at org.apache.jena.riot.RDFDataMgr.read(RDFDataMgr.java:241)
	at org.apache.jena.riot.adapters.RDFReaderRIOT.read(RDFReaderRIOT.java:70)
	at com.hp.hpl.jena.rdf.model.impl.ModelCom.read(ModelCom.java:286)
	at eu.larkc.csparql.common.utils.CsparqlUtils.serializeRDFFile(CsparqlUtils.java:26)
	at csparql.ind.App.main(App.java:40)
INFO  0 [2021-02-15 11:54:28,185] [main] org.semanticweb.owlapi.utilities.Injector  - Loading file META-INF/services/org.semanticweb.owlapi.model.OWLOntologyManager
INFO  33 [2021-02-15 11:54:28,218] [main] org.semanticweb.owlapi.utilities.Injector  - Loading file META-INF/services/org.semanticweb.owlapi.model.OWLDataFactory
INFO  332 [2021-02-15 11:54:28,517] [main] org.semanticweb.owlapi.utilities.Injector  - Injecting object uk.ac.manchester.cs.owl.owlapi.OWLOntologyManagerImpl@3fffff43
INFO  345 [2021-02-15 11:54:28,530] [main] org.semanticweb.owlapi.utilities.Injector  - Loading file META-INF/services/org.semanticweb.owlapi.model.OWLOntologyIRIMapper
WARN  346 [2021-02-15 11:54:28,531] [main] org.semanticweb.owlapi.utilities.Injector  - No files found for META-INF/services/org.semanticweb.owlapi.model.OWLOntologyIRIMapper
INFO  347 [2021-02-15 11:54:28,532] [main] org.semanticweb.owlapi.utilities.Injector  - Injecting values [[]] on method public void uk.ac.manchester.cs.owl.owlapi.OWLOntologyManagerImpl.setIRIMappers(java.util.Set).
INFO  349 [2021-02-15 11:54:28,534] [main] org.semanticweb.owlapi.utilities.Injector  - Loading file META-INF/services/org.semanticweb.owlapi.io.OWLParserFactory
INFO  362 [2021-02-15 11:54:28,547] [main] org.semanticweb.owlapi.utilities.Injector  - Injecting values [[org.semanticweb.owlapi.owlxml.parser.OWLXMLParserFactory@e260766, org.semanticweb.owlapi.krss2.parser.KRSS2OWLParserFactory@5ddabb18, org.semanticweb.owlapi.rio.RioNQuadsParserFactory@7fc44dec, org.semanticweb.owlapi.rio.RioTurtleParserFactory@5536379e, org.semanticweb.owlapi.functional.parser.OWLFunctionalSyntaxOWLParserFactory@38f57b3d, org.semanticweb.owlapi.rdf.turtle.parser.TurtleOntologyParserFactory@1de5f0ef, org.semanticweb.owlapi.rdf.rdfxml.parser.RDFXMLParserFactory@40258c2f, org.semanticweb.owlapi.rio.RioBinaryRdfParserFactory@3f446bef, org.semanticweb.owlapi.rio.RioTrixParserFactory@2756c0a7, org.semanticweb.owlapi.rio.RioJsonParserFactory@1252b961, org.semanticweb.owlapi.rio.RioTrigParserFactory@773cbf4f, org.semanticweb.owlapi.rio.RioNTriplesParserFactory@62fad19, org.semanticweb.owlapi.rio.RioRDFaParserFactory@4f2613d1, org.semanticweb.owlapi.rio.RioN3ParserFactory@36676c1a, org.semanticweb.owlapi.rio.RioJsonLDParserFactory@72445aba, org.semanticweb.owlapi.dlsyntax.parser.DLSyntaxOWLParserFactory@34a1d21f, org.semanticweb.owlapi.oboformat.OBOFormatOWLAPIParserFactory@6f0ca692, org.semanticweb.owlapi.rio.RioRDFXMLParserFactory@426b6a74, org.semanticweb.owlapi.manchestersyntax.parser.ManchesterOWLSyntaxOntologyParserFactory@1bc715b8]] on method public void uk.ac.manchester.cs.owl.owlapi.OWLOntologyManagerImpl.setOntologyParsers(java.util.Set).
INFO  364 [2021-02-15 11:54:28,549] [main] org.semanticweb.owlapi.utilities.Injector  - Loading file META-INF/services/org.semanticweb.owlapi.model.OWLOntologyFactory
INFO  366 [2021-02-15 11:54:28,551] [main] org.semanticweb.owlapi.utilities.Injector  - Injecting values [[uk.ac.manchester.cs.owl.owlapi.OWLOntologyFactoryImpl@58670130]] on method public void uk.ac.manchester.cs.owl.owlapi.OWLOntologyManagerImpl.setOntologyFactories(java.util.Set).
INFO  366 [2021-02-15 11:54:28,551] [main] org.semanticweb.owlapi.utilities.Injector  - Loading file META-INF/services/org.semanticweb.owlapi.model.OWLStorerFactory
INFO  373 [2021-02-15 11:54:28,558] [main] org.semanticweb.owlapi.utilities.Injector  - Injecting values [[org.semanticweb.owlapi.rio.RioNTriplesStorerFactory@48c35007, org.semanticweb.owlapi.rio.RioTrixStorerFactory@6d0b5baf, org.semanticweb.owlapi.functional.renderer.FunctionalSyntaxStorerFactory@297ea53a, org.semanticweb.owlapi.krss2.renderer.KRSS2OWLSyntaxStorerFactory@62e70ea3, org.semanticweb.owlapi.rio.RioJsonLDStorerFactory@1992eaf4, org.semanticweb.owlapi.rio.RioN3StorerFactory@21d8bcbe, org.semanticweb.owlapi.owlxml.renderer.OWLXMLStorerFactory@482d776b, org.semanticweb.owlapi.rdf.rdfxml.renderer.RDFXMLStorerFactory@1643d68f, org.semanticweb.owlapi.dlsyntax.renderer.DLSyntaxHTMLStorerFactory@3a320ade, org.semanticweb.owlapi.rio.RioTrigStorerFactory@b40bb6e, org.semanticweb.owlapi.manchestersyntax.renderer.ManchesterSyntaxStorerFactory@267f474e, org.semanticweb.owlapi.rio.RioRDFXMLStorerFactory@18f20260, org.semanticweb.owlapi.rio.RioNQuadsStorerFactory@18245eb0, org.semanticweb.owlapi.rdf.turtle.renderer.TurtleStorerFactory@741b3bc3, org.semanticweb.owlapi.oboformat.OBOFormatStorerFactory@545de5a4, org.semanticweb.owlapi.rio.RioBinaryRdfStorerFactory@2488b073, org.semanticweb.owlapi.rio.RioJsonStorerFactory@3f28bd56, org.semanticweb.owlapi.rio.RioTurtleStorerFactory@34a75079, org.semanticweb.owlapi.latex.renderer.LatexStorerFactory@7651218e, org.semanticweb.owlapi.dlsyntax.renderer.DLSyntaxStorerFactory@bcec031]] on method public void uk.ac.manchester.cs.owl.owlapi.OWLOntologyManagerImpl.setOntologyStorers(java.util.Set).
WARN  534 [2021-02-15 11:54:28,719] [main] org.semanticweb.owlapi.util.SAXParsers  - http://www.oracle.com/xml/jaxp/properties/entityExpansionLimit not supported by parser type org.apache.xerces.jaxp.SAXParserImpl, error message: Property 'http://www.oracle.com/xml/jaxp/properties/entityExpansionLimit' is not recognized.
WARN  534 [2021-02-15 11:54:28,719] [main] org.semanticweb.owlapi.util.SAXParsers  - entityExpansionLimit not supported by parser type org.apache.xerces.jaxp.SAXParserImpl, error message: Property 'entityExpansionLimit' is not recognized.
INFO  0 [2021-02-15 11:56:47,189] [main] org.semanticweb.owlapi.utilities.Injector  - Loading file META-INF/services/org.semanticweb.owlapi.model.OWLOntologyManager
INFO  41 [2021-02-15 11:56:47,230] [main] org.semanticweb.owlapi.utilities.Injector  - Loading file META-INF/services/org.semanticweb.owlapi.model.OWLDataFactory
INFO  287 [2021-02-15 11:56:47,476] [main] org.semanticweb.owlapi.utilities.Injector  - Injecting object uk.ac.manchester.cs.owl.owlapi.OWLOntologyManagerImpl@3fffff43
INFO  304 [2021-02-15 11:56:47,493] [main] org.semanticweb.owlapi.utilities.Injector  - Loading file META-INF/services/org.semanticweb.owlapi.model.OWLOntologyIRIMapper
WARN  304 [2021-02-15 11:56:47,493] [main] org.semanticweb.owlapi.utilities.Injector  - No files found for META-INF/services/org.semanticweb.owlapi.model.OWLOntologyIRIMapper
INFO  309 [2021-02-15 11:56:47,498] [main] org.semanticweb.owlapi.utilities.Injector  - Injecting values [[]] on method public void uk.ac.manchester.cs.owl.owlapi.OWLOntologyManagerImpl.setIRIMappers(java.util.Set).
INFO  310 [2021-02-15 11:56:47,499] [main] org.semanticweb.owlapi.utilities.Injector  - Loading file META-INF/services/org.semanticweb.owlapi.io.OWLParserFactory
INFO  328 [2021-02-15 11:56:47,517] [main] org.semanticweb.owlapi.utilities.Injector  - Injecting values [[org.semanticweb.owlapi.owlxml.parser.OWLXMLParserFactory@e260766, org.semanticweb.owlapi.krss2.parser.KRSS2OWLParserFactory@5ddabb18, org.semanticweb.owlapi.rio.RioNQuadsParserFactory@7fc44dec, org.semanticweb.owlapi.rio.RioTurtleParserFactory@5536379e, org.semanticweb.owlapi.functional.parser.OWLFunctionalSyntaxOWLParserFactory@38f57b3d, org.semanticweb.owlapi.rdf.turtle.parser.TurtleOntologyParserFactory@1de5f0ef, org.semanticweb.owlapi.rdf.rdfxml.parser.RDFXMLParserFactory@40258c2f, org.semanticweb.owlapi.rio.RioBinaryRdfParserFactory@3f446bef, org.semanticweb.owlapi.rio.RioTrixParserFactory@2756c0a7, org.semanticweb.owlapi.rio.RioJsonParserFactory@1252b961, org.semanticweb.owlapi.rio.RioTrigParserFactory@773cbf4f, org.semanticweb.owlapi.rio.RioNTriplesParserFactory@62fad19, org.semanticweb.owlapi.rio.RioRDFaParserFactory@4f2613d1, org.semanticweb.owlapi.rio.RioN3ParserFactory@36676c1a, org.semanticweb.owlapi.rio.RioJsonLDParserFactory@72445aba, org.semanticweb.owlapi.dlsyntax.parser.DLSyntaxOWLParserFactory@34a1d21f, org.semanticweb.owlapi.oboformat.OBOFormatOWLAPIParserFactory@6f0ca692, org.semanticweb.owlapi.rio.RioRDFXMLParserFactory@426b6a74, org.semanticweb.owlapi.manchestersyntax.parser.ManchesterOWLSyntaxOntologyParserFactory@1bc715b8]] on method public void uk.ac.manchester.cs.owl.owlapi.OWLOntologyManagerImpl.setOntologyParsers(java.util.Set).
INFO  330 [2021-02-15 11:56:47,519] [main] org.semanticweb.owlapi.utilities.Injector  - Loading file META-INF/services/org.semanticweb.owlapi.model.OWLOntologyFactory
INFO  332 [2021-02-15 11:56:47,521] [main] org.semanticweb.owlapi.utilities.Injector  - Injecting values [[uk.ac.manchester.cs.owl.owlapi.OWLOntologyFactoryImpl@58670130]] on method public void uk.ac.manchester.cs.owl.owlapi.OWLOntologyManagerImpl.setOntologyFactories(java.util.Set).
INFO  333 [2021-02-15 11:56:47,522] [main] org.semanticweb.owlapi.utilities.Injector  - Loading file META-INF/services/org.semanticweb.owlapi.model.OWLStorerFactory
INFO  339 [2021-02-15 11:56:47,528] [main] org.semanticweb.owlapi.utilities.Injector  - Injecting values [[org.semanticweb.owlapi.rio.RioNTriplesStorerFactory@48c35007, org.semanticweb.owlapi.rio.RioTrixStorerFactory@6d0b5baf, org.semanticweb.owlapi.functional.renderer.FunctionalSyntaxStorerFactory@297ea53a, org.semanticweb.owlapi.krss2.renderer.KRSS2OWLSyntaxStorerFactory@62e70ea3, org.semanticweb.owlapi.rio.RioJsonLDStorerFactory@1992eaf4, org.semanticweb.owlapi.rio.RioN3StorerFactory@21d8bcbe, org.semanticweb.owlapi.owlxml.renderer.OWLXMLStorerFactory@482d776b, org.semanticweb.owlapi.rdf.rdfxml.renderer.RDFXMLStorerFactory@1643d68f, org.semanticweb.owlapi.dlsyntax.renderer.DLSyntaxHTMLStorerFactory@3a320ade, org.semanticweb.owlapi.rio.RioTrigStorerFactory@b40bb6e, org.semanticweb.owlapi.manchestersyntax.renderer.ManchesterSyntaxStorerFactory@267f474e, org.semanticweb.owlapi.rio.RioRDFXMLStorerFactory@18f20260, org.semanticweb.owlapi.rio.RioNQuadsStorerFactory@18245eb0, org.semanticweb.owlapi.rdf.turtle.renderer.TurtleStorerFactory@741b3bc3, org.semanticweb.owlapi.oboformat.OBOFormatStorerFactory@545de5a4, org.semanticweb.owlapi.rio.RioBinaryRdfStorerFactory@2488b073, org.semanticweb.owlapi.rio.RioJsonStorerFactory@3f28bd56, org.semanticweb.owlapi.rio.RioTurtleStorerFactory@34a75079, org.semanticweb.owlapi.latex.renderer.LatexStorerFactory@7651218e, org.semanticweb.owlapi.dlsyntax.renderer.DLSyntaxStorerFactory@bcec031]] on method public void uk.ac.manchester.cs.owl.owlapi.OWLOntologyManagerImpl.setOntologyStorers(java.util.Set).
WARN  492 [2021-02-15 11:56:47,681] [main] org.semanticweb.owlapi.util.SAXParsers  - http://www.oracle.com/xml/jaxp/properties/entityExpansionLimit not supported by parser type org.apache.xerces.jaxp.SAXParserImpl, error message: Property 'http://www.oracle.com/xml/jaxp/properties/entityExpansionLimit' is not recognized.
WARN  494 [2021-02-15 11:56:47,683] [main] org.semanticweb.owlapi.util.SAXParsers  - entityExpansionLimit not supported by parser type org.apache.xerces.jaxp.SAXParserImpl, error message: Property 'entityExpansionLimit' is not recognized.
INFO  0 [2021-02-15 11:57:54,985] [main] org.semanticweb.owlapi.utilities.Injector  - Loading file META-INF/services/org.semanticweb.owlapi.model.OWLOntologyManager
INFO  32 [2021-02-15 11:57:55,017] [main] org.semanticweb.owlapi.utilities.Injector  - Loading file META-INF/services/org.semanticweb.owlapi.model.OWLDataFactory
INFO  353 [2021-02-15 11:57:55,338] [main] org.semanticweb.owlapi.utilities.Injector  - Injecting object uk.ac.manchester.cs.owl.owlapi.OWLOntologyManagerImpl@3fffff43
INFO  371 [2021-02-15 11:57:55,356] [main] org.semanticweb.owlapi.utilities.Injector  - Loading file META-INF/services/org.semanticweb.owlapi.model.OWLOntologyIRIMapper
WARN  372 [2021-02-15 11:57:55,357] [main] org.semanticweb.owlapi.utilities.Injector  - No files found for META-INF/services/org.semanticweb.owlapi.model.OWLOntologyIRIMapper
INFO  373 [2021-02-15 11:57:55,358] [main] org.semanticweb.owlapi.utilities.Injector  - Injecting values [[]] on method public void uk.ac.manchester.cs.owl.owlapi.OWLOntologyManagerImpl.setIRIMappers(java.util.Set).
INFO  374 [2021-02-15 11:57:55,359] [main] org.semanticweb.owlapi.utilities.Injector  - Loading file META-INF/services/org.semanticweb.owlapi.io.OWLParserFactory
INFO  389 [2021-02-15 11:57:55,374] [main] org.semanticweb.owlapi.utilities.Injector  - Injecting values [[org.semanticweb.owlapi.owlxml.parser.OWLXMLParserFactory@e260766, org.semanticweb.owlapi.krss2.parser.KRSS2OWLParserFactory@5ddabb18, org.semanticweb.owlapi.rio.RioNQuadsParserFactory@7fc44dec, org.semanticweb.owlapi.rio.RioTurtleParserFactory@5536379e, org.semanticweb.owlapi.functional.parser.OWLFunctionalSyntaxOWLParserFactory@38f57b3d, org.semanticweb.owlapi.rdf.turtle.parser.TurtleOntologyParserFactory@1de5f0ef, org.semanticweb.owlapi.rdf.rdfxml.parser.RDFXMLParserFactory@40258c2f, org.semanticweb.owlapi.rio.RioBinaryRdfParserFactory@3f446bef, org.semanticweb.owlapi.rio.RioTrixParserFactory@2756c0a7, org.semanticweb.owlapi.rio.RioJsonParserFactory@1252b961, org.semanticweb.owlapi.rio.RioTrigParserFactory@773cbf4f, org.semanticweb.owlapi.rio.RioNTriplesParserFactory@62fad19, org.semanticweb.owlapi.rio.RioRDFaParserFactory@4f2613d1, org.semanticweb.owlapi.rio.RioN3ParserFactory@36676c1a, org.semanticweb.owlapi.rio.RioJsonLDParserFactory@72445aba, org.semanticweb.owlapi.dlsyntax.parser.DLSyntaxOWLParserFactory@34a1d21f, org.semanticweb.owlapi.oboformat.OBOFormatOWLAPIParserFactory@6f0ca692, org.semanticweb.owlapi.rio.RioRDFXMLParserFactory@426b6a74, org.semanticweb.owlapi.manchestersyntax.parser.ManchesterOWLSyntaxOntologyParserFactory@1bc715b8]] on method public void uk.ac.manchester.cs.owl.owlapi.OWLOntologyManagerImpl.setOntologyParsers(java.util.Set).
INFO  390 [2021-02-15 11:57:55,375] [main] org.semanticweb.owlapi.utilities.Injector  - Loading file META-INF/services/org.semanticweb.owlapi.model.OWLOntologyFactory
INFO  392 [2021-02-15 11:57:55,377] [main] org.semanticweb.owlapi.utilities.Injector  - Injecting values [[uk.ac.manchester.cs.owl.owlapi.OWLOntologyFactoryImpl@58670130]] on method public void uk.ac.manchester.cs.owl.owlapi.OWLOntologyManagerImpl.setOntologyFactories(java.util.Set).
INFO  392 [2021-02-15 11:57:55,377] [main] org.semanticweb.owlapi.utilities.Injector  - Loading file META-INF/services/org.semanticweb.owlapi.model.OWLStorerFactory
INFO  399 [2021-02-15 11:57:55,384] [main] org.semanticweb.owlapi.utilities.Injector  - Injecting values [[org.semanticweb.owlapi.rio.RioNTriplesStorerFactory@48c35007, org.semanticweb.owlapi.rio.RioTrixStorerFactory@6d0b5baf, org.semanticweb.owlapi.functional.renderer.FunctionalSyntaxStorerFactory@297ea53a, org.semanticweb.owlapi.krss2.renderer.KRSS2OWLSyntaxStorerFactory@62e70ea3, org.semanticweb.owlapi.rio.RioJsonLDStorerFactory@1992eaf4, org.semanticweb.owlapi.rio.RioN3StorerFactory@21d8bcbe, org.semanticweb.owlapi.owlxml.renderer.OWLXMLStorerFactory@482d776b, org.semanticweb.owlapi.rdf.rdfxml.renderer.RDFXMLStorerFactory@1643d68f, org.semanticweb.owlapi.dlsyntax.renderer.DLSyntaxHTMLStorerFactory@3a320ade, org.semanticweb.owlapi.rio.RioTrigStorerFactory@b40bb6e, org.semanticweb.owlapi.manchestersyntax.renderer.ManchesterSyntaxStorerFactory@267f474e, org.semanticweb.owlapi.rio.RioRDFXMLStorerFactory@18f20260, org.semanticweb.owlapi.rio.RioNQuadsStorerFactory@18245eb0, org.semanticweb.owlapi.rdf.turtle.renderer.TurtleStorerFactory@741b3bc3, org.semanticweb.owlapi.oboformat.OBOFormatStorerFactory@545de5a4, org.semanticweb.owlapi.rio.RioBinaryRdfStorerFactory@2488b073, org.semanticweb.owlapi.rio.RioJsonStorerFactory@3f28bd56, org.semanticweb.owlapi.rio.RioTurtleStorerFactory@34a75079, org.semanticweb.owlapi.latex.renderer.LatexStorerFactory@7651218e, org.semanticweb.owlapi.dlsyntax.renderer.DLSyntaxStorerFactory@bcec031]] on method public void uk.ac.manchester.cs.owl.owlapi.OWLOntologyManagerImpl.setOntologyStorers(java.util.Set).
WARN  545 [2021-02-15 11:57:55,530] [main] org.semanticweb.owlapi.util.SAXParsers  - http://www.oracle.com/xml/jaxp/properties/entityExpansionLimit not supported by parser type org.apache.xerces.jaxp.SAXParserImpl, error message: Property 'http://www.oracle.com/xml/jaxp/properties/entityExpansionLimit' is not recognized.
WARN  546 [2021-02-15 11:57:55,531] [main] org.semanticweb.owlapi.util.SAXParsers  - entityExpansionLimit not supported by parser type org.apache.xerces.jaxp.SAXParserImpl, error message: Property 'entityExpansionLimit' is not recognized.
INFO  0 [2021-02-15 11:59:47,256] [main] org.semanticweb.owlapi.utilities.Injector  - Loading file META-INF/services/org.semanticweb.owlapi.model.OWLOntologyManager
INFO  62 [2021-02-15 11:59:47,318] [main] org.semanticweb.owlapi.utilities.Injector  - Loading file META-INF/services/org.semanticweb.owlapi.model.OWLDataFactory
INFO  429 [2021-02-15 11:59:47,685] [main] org.semanticweb.owlapi.utilities.Injector  - Injecting object uk.ac.manchester.cs.owl.owlapi.OWLOntologyManagerImpl@3fffff43
INFO  459 [2021-02-15 11:59:47,715] [main] org.semanticweb.owlapi.utilities.Injector  - Loading file META-INF/services/org.semanticweb.owlapi.model.OWLOntologyIRIMapper
WARN  460 [2021-02-15 11:59:47,716] [main] org.semanticweb.owlapi.utilities.Injector  - No files found for META-INF/services/org.semanticweb.owlapi.model.OWLOntologyIRIMapper
INFO  461 [2021-02-15 11:59:47,717] [main] org.semanticweb.owlapi.utilities.Injector  - Injecting values [[]] on method public void uk.ac.manchester.cs.owl.owlapi.OWLOntologyManagerImpl.setIRIMappers(java.util.Set).
INFO  462 [2021-02-15 11:59:47,718] [main] org.semanticweb.owlapi.utilities.Injector  - Loading file META-INF/services/org.semanticweb.owlapi.io.OWLParserFactory
INFO  484 [2021-02-15 11:59:47,740] [main] org.semanticweb.owlapi.utilities.Injector  - Injecting values [[org.semanticweb.owlapi.owlxml.parser.OWLXMLParserFactory@e260766, org.semanticweb.owlapi.krss2.parser.KRSS2OWLParserFactory@5ddabb18, org.semanticweb.owlapi.rio.RioNQuadsParserFactory@7fc44dec, org.semanticweb.owlapi.rio.RioTurtleParserFactory@5536379e, org.semanticweb.owlapi.functional.parser.OWLFunctionalSyntaxOWLParserFactory@38f57b3d, org.semanticweb.owlapi.rdf.turtle.parser.TurtleOntologyParserFactory@1de5f0ef, org.semanticweb.owlapi.rdf.rdfxml.parser.RDFXMLParserFactory@40258c2f, org.semanticweb.owlapi.rio.RioBinaryRdfParserFactory@3f446bef, org.semanticweb.owlapi.rio.RioTrixParserFactory@2756c0a7, org.semanticweb.owlapi.rio.RioJsonParserFactory@1252b961, org.semanticweb.owlapi.rio.RioTrigParserFactory@773cbf4f, org.semanticweb.owlapi.rio.RioNTriplesParserFactory@62fad19, org.semanticweb.owlapi.rio.RioRDFaParserFactory@4f2613d1, org.semanticweb.owlapi.rio.RioN3ParserFactory@36676c1a, org.semanticweb.owlapi.rio.RioJsonLDParserFactory@72445aba, org.semanticweb.owlapi.dlsyntax.parser.DLSyntaxOWLParserFactory@34a1d21f, org.semanticweb.owlapi.oboformat.OBOFormatOWLAPIParserFactory@6f0ca692, org.semanticweb.owlapi.rio.RioRDFXMLParserFactory@426b6a74, org.semanticweb.owlapi.manchestersyntax.parser.ManchesterOWLSyntaxOntologyParserFactory@1bc715b8]] on method public void uk.ac.manchester.cs.owl.owlapi.OWLOntologyManagerImpl.setOntologyParsers(java.util.Set).
INFO  486 [2021-02-15 11:59:47,742] [main] org.semanticweb.owlapi.utilities.Injector  - Loading file META-INF/services/org.semanticweb.owlapi.model.OWLOntologyFactory
INFO  489 [2021-02-15 11:59:47,745] [main] org.semanticweb.owlapi.utilities.Injector  - Injecting values [[uk.ac.manchester.cs.owl.owlapi.OWLOntologyFactoryImpl@58670130]] on method public void uk.ac.manchester.cs.owl.owlapi.OWLOntologyManagerImpl.setOntologyFactories(java.util.Set).
INFO  489 [2021-02-15 11:59:47,745] [main] org.semanticweb.owlapi.utilities.Injector  - Loading file META-INF/services/org.semanticweb.owlapi.model.OWLStorerFactory
INFO  494 [2021-02-15 11:59:47,750] [main] org.semanticweb.owlapi.utilities.Injector  - Injecting values [[org.semanticweb.owlapi.rio.RioNTriplesStorerFactory@48c35007, org.semanticweb.owlapi.rio.RioTrixStorerFactory@6d0b5baf, org.semanticweb.owlapi.functional.renderer.FunctionalSyntaxStorerFactory@297ea53a, org.semanticweb.owlapi.krss2.renderer.KRSS2OWLSyntaxStorerFactory@62e70ea3, org.semanticweb.owlapi.rio.RioJsonLDStorerFactory@1992eaf4, org.semanticweb.owlapi.rio.RioN3StorerFactory@21d8bcbe, org.semanticweb.owlapi.owlxml.renderer.OWLXMLStorerFactory@482d776b, org.semanticweb.owlapi.rdf.rdfxml.renderer.RDFXMLStorerFactory@1643d68f, org.semanticweb.owlapi.dlsyntax.renderer.DLSyntaxHTMLStorerFactory@3a320ade, org.semanticweb.owlapi.rio.RioTrigStorerFactory@b40bb6e, org.semanticweb.owlapi.manchestersyntax.renderer.ManchesterSyntaxStorerFactory@267f474e, org.semanticweb.owlapi.rio.RioRDFXMLStorerFactory@18f20260, org.semanticweb.owlapi.rio.RioNQuadsStorerFactory@18245eb0, org.semanticweb.owlapi.rdf.turtle.renderer.TurtleStorerFactory@741b3bc3, org.semanticweb.owlapi.oboformat.OBOFormatStorerFactory@545de5a4, org.semanticweb.owlapi.rio.RioBinaryRdfStorerFactory@2488b073, org.semanticweb.owlapi.rio.RioJsonStorerFactory@3f28bd56, org.semanticweb.owlapi.rio.RioTurtleStorerFactory@34a75079, org.semanticweb.owlapi.latex.renderer.LatexStorerFactory@7651218e, org.semanticweb.owlapi.dlsyntax.renderer.DLSyntaxStorerFactory@bcec031]] on method public void uk.ac.manchester.cs.owl.owlapi.OWLOntologyManagerImpl.setOntologyStorers(java.util.Set).
WARN  649 [2021-02-15 11:59:47,905] [main] org.semanticweb.owlapi.util.SAXParsers  - http://www.oracle.com/xml/jaxp/properties/entityExpansionLimit not supported by parser type org.apache.xerces.jaxp.SAXParserImpl, error message: Property 'http://www.oracle.com/xml/jaxp/properties/entityExpansionLimit' is not recognized.
WARN  650 [2021-02-15 11:59:47,906] [main] org.semanticweb.owlapi.util.SAXParsers  - entityExpansionLimit not supported by parser type org.apache.xerces.jaxp.SAXParserImpl, error message: Property 'entityExpansionLimit' is not recognized.
INFO  0 [2021-02-15 13:53:41,081] [main] org.semanticweb.owlapi.utilities.Injector  - Loading file META-INF/services/org.semanticweb.owlapi.model.OWLOntologyManager
INFO  59 [2021-02-15 13:53:41,140] [main] org.semanticweb.owlapi.utilities.Injector  - Loading file META-INF/services/org.semanticweb.owlapi.model.OWLDataFactory
INFO  409 [2021-02-15 13:53:41,490] [main] org.semanticweb.owlapi.utilities.Injector  - Injecting object uk.ac.manchester.cs.owl.owlapi.OWLOntologyManagerImpl@3fffff43
INFO  459 [2021-02-15 13:53:41,540] [main] org.semanticweb.owlapi.utilities.Injector  - Loading file META-INF/services/org.semanticweb.owlapi.model.OWLOntologyIRIMapper
WARN  462 [2021-02-15 13:53:41,543] [main] org.semanticweb.owlapi.utilities.Injector  - No files found for META-INF/services/org.semanticweb.owlapi.model.OWLOntologyIRIMapper
INFO  463 [2021-02-15 13:53:41,544] [main] org.semanticweb.owlapi.utilities.Injector  - Injecting values [[]] on method public void uk.ac.manchester.cs.owl.owlapi.OWLOntologyManagerImpl.setIRIMappers(java.util.Set).
INFO  465 [2021-02-15 13:53:41,546] [main] org.semanticweb.owlapi.utilities.Injector  - Loading file META-INF/services/org.semanticweb.owlapi.io.OWLParserFactory
INFO  484 [2021-02-15 13:53:41,565] [main] org.semanticweb.owlapi.utilities.Injector  - Injecting values [[org.semanticweb.owlapi.owlxml.parser.OWLXMLParserFactory@e260766, org.semanticweb.owlapi.krss2.parser.KRSS2OWLParserFactory@5ddabb18, org.semanticweb.owlapi.rio.RioNQuadsParserFactory@7fc44dec, org.semanticweb.owlapi.rio.RioTurtleParserFactory@5536379e, org.semanticweb.owlapi.functional.parser.OWLFunctionalSyntaxOWLParserFactory@38f57b3d, org.semanticweb.owlapi.rdf.turtle.parser.TurtleOntologyParserFactory@1de5f0ef, org.semanticweb.owlapi.rdf.rdfxml.parser.RDFXMLParserFactory@40258c2f, org.semanticweb.owlapi.rio.RioBinaryRdfParserFactory@3f446bef, org.semanticweb.owlapi.rio.RioTrixParserFactory@2756c0a7, org.semanticweb.owlapi.rio.RioJsonParserFactory@1252b961, org.semanticweb.owlapi.rio.RioTrigParserFactory@773cbf4f, org.semanticweb.owlapi.rio.RioNTriplesParserFactory@62fad19, org.semanticweb.owlapi.rio.RioRDFaParserFactory@4f2613d1, org.semanticweb.owlapi.rio.RioN3ParserFactory@36676c1a, org.semanticweb.owlapi.rio.RioJsonLDParserFactory@72445aba, org.semanticweb.owlapi.dlsyntax.parser.DLSyntaxOWLParserFactory@34a1d21f, org.semanticweb.owlapi.oboformat.OBOFormatOWLAPIParserFactory@6f0ca692, org.semanticweb.owlapi.rio.RioRDFXMLParserFactory@426b6a74, org.semanticweb.owlapi.manchestersyntax.parser.ManchesterOWLSyntaxOntologyParserFactory@1bc715b8]] on method public void uk.ac.manchester.cs.owl.owlapi.OWLOntologyManagerImpl.setOntologyParsers(java.util.Set).
INFO  486 [2021-02-15 13:53:41,567] [main] org.semanticweb.owlapi.utilities.Injector  - Loading file META-INF/services/org.semanticweb.owlapi.model.OWLOntologyFactory
INFO  490 [2021-02-15 13:53:41,571] [main] org.semanticweb.owlapi.utilities.Injector  - Injecting values [[uk.ac.manchester.cs.owl.owlapi.OWLOntologyFactoryImpl@58670130]] on method public void uk.ac.manchester.cs.owl.owlapi.OWLOntologyManagerImpl.setOntologyFactories(java.util.Set).
INFO  490 [2021-02-15 13:53:41,571] [main] org.semanticweb.owlapi.utilities.Injector  - Loading file META-INF/services/org.semanticweb.owlapi.model.OWLStorerFactory
INFO  497 [2021-02-15 13:53:41,578] [main] org.semanticweb.owlapi.utilities.Injector  - Injecting values [[org.semanticweb.owlapi.rio.RioNTriplesStorerFactory@48c35007, org.semanticweb.owlapi.rio.RioTrixStorerFactory@6d0b5baf, org.semanticweb.owlapi.functional.renderer.FunctionalSyntaxStorerFactory@297ea53a, org.semanticweb.owlapi.krss2.renderer.KRSS2OWLSyntaxStorerFactory@62e70ea3, org.semanticweb.owlapi.rio.RioJsonLDStorerFactory@1992eaf4, org.semanticweb.owlapi.rio.RioN3StorerFactory@21d8bcbe, org.semanticweb.owlapi.owlxml.renderer.OWLXMLStorerFactory@482d776b, org.semanticweb.owlapi.rdf.rdfxml.renderer.RDFXMLStorerFactory@1643d68f, org.semanticweb.owlapi.dlsyntax.renderer.DLSyntaxHTMLStorerFactory@3a320ade, org.semanticweb.owlapi.rio.RioTrigStorerFactory@b40bb6e, org.semanticweb.owlapi.manchestersyntax.renderer.ManchesterSyntaxStorerFactory@267f474e, org.semanticweb.owlapi.rio.RioRDFXMLStorerFactory@18f20260, org.semanticweb.owlapi.rio.RioNQuadsStorerFactory@18245eb0, org.semanticweb.owlapi.rdf.turtle.renderer.TurtleStorerFactory@741b3bc3, org.semanticweb.owlapi.oboformat.OBOFormatStorerFactory@545de5a4, org.semanticweb.owlapi.rio.RioBinaryRdfStorerFactory@2488b073, org.semanticweb.owlapi.rio.RioJsonStorerFactory@3f28bd56, org.semanticweb.owlapi.rio.RioTurtleStorerFactory@34a75079, org.semanticweb.owlapi.latex.renderer.LatexStorerFactory@7651218e, org.semanticweb.owlapi.dlsyntax.renderer.DLSyntaxStorerFactory@bcec031]] on method public void uk.ac.manchester.cs.owl.owlapi.OWLOntologyManagerImpl.setOntologyStorers(java.util.Set).
WARN  648 [2021-02-15 13:53:41,729] [main] org.semanticweb.owlapi.util.SAXParsers  - http://www.oracle.com/xml/jaxp/properties/entityExpansionLimit not supported by parser type org.apache.xerces.jaxp.SAXParserImpl, error message: Property 'http://www.oracle.com/xml/jaxp/properties/entityExpansionLimit' is not recognized.
WARN  648 [2021-02-15 13:53:41,729] [main] org.semanticweb.owlapi.util.SAXParsers  - entityExpansionLimit not supported by parser type org.apache.xerces.jaxp.SAXParserImpl, error message: Property 'entityExpansionLimit' is not recognized.
INFO  0 [2021-02-15 14:02:55,988] [main] org.semanticweb.owlapi.utilities.Injector  - Loading file META-INF/services/org.semanticweb.owlapi.model.OWLOntologyManager
INFO  85 [2021-02-15 14:02:56,073] [main] org.semanticweb.owlapi.utilities.Injector  - Loading file META-INF/services/org.semanticweb.owlapi.model.OWLDataFactory
INFO  594 [2021-02-15 14:02:56,582] [main] org.semanticweb.owlapi.utilities.Injector  - Injecting object uk.ac.manchester.cs.owl.owlapi.OWLOntologyManagerImpl@3fffff43
INFO  644 [2021-02-15 14:02:56,632] [main] org.semanticweb.owlapi.utilities.Injector  - Loading file META-INF/services/org.semanticweb.owlapi.io.OWLParserFactory
INFO  693 [2021-02-15 14:02:56,681] [main] org.semanticweb.owlapi.utilities.Injector  - Injecting values [[org.semanticweb.owlapi.rdf.turtle.parser.TurtleOntologyParserFactory@63192798, org.semanticweb.owlapi.rio.RioBinaryRdfParserFactory@54227100, org.semanticweb.owlapi.owlxml.parser.OWLXMLParserFactory@3ce3db41, org.semanticweb.owlapi.oboformat.OBOFormatOWLAPIParserFactory@73c60324, org.semanticweb.owlapi.rio.RioTrigParserFactory@83298d7, org.semanticweb.owlapi.krss2.parser.KRSS2OWLParserFactory@2b491fee, org.semanticweb.owlapi.manchestersyntax.parser.ManchesterOWLSyntaxOntologyParserFactory@6c8bca63, org.semanticweb.owlapi.dlsyntax.parser.DLSyntaxOWLParserFactory@6731787b, org.semanticweb.owlapi.rio.RioRDFaParserFactory@74cadd41, org.semanticweb.owlapi.rio.RioRDFXMLParserFactory@65a4798f, org.semanticweb.owlapi.rio.RioNQuadsParserFactory@4d098f9b, org.semanticweb.owlapi.rio.RioTurtleParserFactory@69637b10, org.semanticweb.owlapi.rio.RioJsonLDParserFactory@5778826f, org.semanticweb.owlapi.rio.RioTrixParserFactory@665e9289, org.semanticweb.owlapi.rdf.rdfxml.parser.RDFXMLParserFactory@4275c20c, org.semanticweb.owlapi.rio.RioNTriplesParserFactory@293d0107, org.semanticweb.owlapi.rio.RioJsonParserFactory@1c80e49b, org.semanticweb.owlapi.functional.parser.OWLFunctionalSyntaxOWLParserFactory@28d6290, org.semanticweb.owlapi.rio.RioN3ParserFactory@56276db8]] on method public void uk.ac.manchester.cs.owl.owlapi.OWLOntologyManagerImpl.setOntologyParsers(java.util.Set).
INFO  698 [2021-02-15 14:02:56,686] [main] org.semanticweb.owlapi.utilities.Injector  - Loading file META-INF/services/org.semanticweb.owlapi.model.OWLOntologyFactory
INFO  708 [2021-02-15 14:02:56,696] [main] org.semanticweb.owlapi.utilities.Injector  - Injecting values [[uk.ac.manchester.cs.owl.owlapi.OWLOntologyFactoryImpl@4bf3798b]] on method public void uk.ac.manchester.cs.owl.owlapi.OWLOntologyManagerImpl.setOntologyFactories(java.util.Set).
INFO  709 [2021-02-15 14:02:56,697] [main] org.semanticweb.owlapi.utilities.Injector  - Loading file META-INF/services/org.semanticweb.owlapi.model.OWLStorerFactory
INFO  723 [2021-02-15 14:02:56,711] [main] org.semanticweb.owlapi.utilities.Injector  - Injecting values [[org.semanticweb.owlapi.rio.RioNQuadsStorerFactory@7383eae2, org.semanticweb.owlapi.rdf.rdfxml.renderer.RDFXMLStorerFactory@107ed6fc, org.semanticweb.owlapi.dlsyntax.renderer.DLSyntaxStorerFactory@7813cb11, org.semanticweb.owlapi.owlxml.renderer.OWLXMLStorerFactory@2e029d61, org.semanticweb.owlapi.functional.renderer.FunctionalSyntaxStorerFactory@132ddbab, org.semanticweb.owlapi.rio.RioTrigStorerFactory@7a48e6e2, org.semanticweb.owlapi.manchestersyntax.renderer.ManchesterSyntaxStorerFactory@5bf22f18, org.semanticweb.owlapi.rdf.turtle.renderer.TurtleStorerFactory@675d8c96, org.semanticweb.owlapi.latex.renderer.LatexStorerFactory@45be7cd5, org.semanticweb.owlapi.rio.RioRDFXMLStorerFactory@6722db6e, org.semanticweb.owlapi.rio.RioTurtleStorerFactory@2a3591c5, org.semanticweb.owlapi.rio.RioJsonLDStorerFactory@7db82169, org.semanticweb.owlapi.dlsyntax.renderer.DLSyntaxHTMLStorerFactory@24faea88, org.semanticweb.owlapi.rio.RioJsonStorerFactory@3276732, org.semanticweb.owlapi.rio.RioBinaryRdfStorerFactory@162be91c, org.semanticweb.owlapi.krss2.renderer.KRSS2OWLSyntaxStorerFactory@28276e50, org.semanticweb.owlapi.oboformat.OBOFormatStorerFactory@32f0fba8, org.semanticweb.owlapi.rio.RioN3StorerFactory@19fe4644, org.semanticweb.owlapi.rio.RioNTriplesStorerFactory@24fb6a80, org.semanticweb.owlapi.rio.RioTrixStorerFactory@5049d8b2]] on method public void uk.ac.manchester.cs.owl.owlapi.OWLOntologyManagerImpl.setOntologyStorers(java.util.Set).
INFO  724 [2021-02-15 14:02:56,712] [main] org.semanticweb.owlapi.utilities.Injector  - Loading file META-INF/services/org.semanticweb.owlapi.model.OWLOntologyIRIMapper
WARN  725 [2021-02-15 14:02:56,713] [main] org.semanticweb.owlapi.utilities.Injector  - No files found for META-INF/services/org.semanticweb.owlapi.model.OWLOntologyIRIMapper
INFO  726 [2021-02-15 14:02:56,714] [main] org.semanticweb.owlapi.utilities.Injector  - Injecting values [[]] on method public void uk.ac.manchester.cs.owl.owlapi.OWLOntologyManagerImpl.setIRIMappers(java.util.Set).
WARN  1037 [2021-02-15 14:02:57,025] [main] org.semanticweb.owlapi.util.SAXParsers  - http://www.oracle.com/xml/jaxp/properties/entityExpansionLimit not supported by parser type org.apache.xerces.jaxp.SAXParserImpl, error message: Property 'http://www.oracle.com/xml/jaxp/properties/entityExpansionLimit' is not recognized.
WARN  1044 [2021-02-15 14:02:57,032] [main] org.semanticweb.owlapi.util.SAXParsers  - entityExpansionLimit not supported by parser type org.apache.xerces.jaxp.SAXParserImpl, error message: Property 'entityExpansionLimit' is not recognized.
INFO  0 [2021-02-15 14:10:21,146] [main] org.semanticweb.owlapi.utilities.Injector  - Loading file META-INF/services/org.semanticweb.owlapi.model.OWLOntologyManager
INFO  86 [2021-02-15 14:10:21,232] [main] org.semanticweb.owlapi.utilities.Injector  - Loading file META-INF/services/org.semanticweb.owlapi.model.OWLDataFactory
INFO  610 [2021-02-15 14:10:21,756] [main] org.semanticweb.owlapi.utilities.Injector  - Injecting object uk.ac.manchester.cs.owl.owlapi.OWLOntologyManagerImpl@3fffff43
INFO  652 [2021-02-15 14:10:21,798] [main] org.semanticweb.owlapi.utilities.Injector  - Loading file META-INF/services/org.semanticweb.owlapi.model.OWLOntologyIRIMapper
WARN  652 [2021-02-15 14:10:21,798] [main] org.semanticweb.owlapi.utilities.Injector  - No files found for META-INF/services/org.semanticweb.owlapi.model.OWLOntologyIRIMapper
INFO  654 [2021-02-15 14:10:21,800] [main] org.semanticweb.owlapi.utilities.Injector  - Injecting values [[]] on method public void uk.ac.manchester.cs.owl.owlapi.OWLOntologyManagerImpl.setIRIMappers(java.util.Set).
INFO  655 [2021-02-15 14:10:21,801] [main] org.semanticweb.owlapi.utilities.Injector  - Loading file META-INF/services/org.semanticweb.owlapi.io.OWLParserFactory
INFO  693 [2021-02-15 14:10:21,839] [main] org.semanticweb.owlapi.utilities.Injector  - Injecting values [[org.semanticweb.owlapi.owlxml.parser.OWLXMLParserFactory@e260766, org.semanticweb.owlapi.krss2.parser.KRSS2OWLParserFactory@5ddabb18, org.semanticweb.owlapi.rio.RioNQuadsParserFactory@7fc44dec, org.semanticweb.owlapi.rio.RioTurtleParserFactory@5536379e, org.semanticweb.owlapi.functional.parser.OWLFunctionalSyntaxOWLParserFactory@38f57b3d, org.semanticweb.owlapi.rdf.turtle.parser.TurtleOntologyParserFactory@1de5f0ef, org.semanticweb.owlapi.rdf.rdfxml.parser.RDFXMLParserFactory@40258c2f, org.semanticweb.owlapi.rio.RioBinaryRdfParserFactory@3f446bef, org.semanticweb.owlapi.rio.RioTrixParserFactory@2756c0a7, org.semanticweb.owlapi.rio.RioJsonParserFactory@1252b961, org.semanticweb.owlapi.rio.RioTrigParserFactory@773cbf4f, org.semanticweb.owlapi.rio.RioNTriplesParserFactory@62fad19, org.semanticweb.owlapi.rio.RioRDFaParserFactory@4f2613d1, org.semanticweb.owlapi.rio.RioN3ParserFactory@36676c1a, org.semanticweb.owlapi.rio.RioJsonLDParserFactory@72445aba, org.semanticweb.owlapi.dlsyntax.parser.DLSyntaxOWLParserFactory@34a1d21f, org.semanticweb.owlapi.oboformat.OBOFormatOWLAPIParserFactory@6f0ca692, org.semanticweb.owlapi.rio.RioRDFXMLParserFactory@426b6a74, org.semanticweb.owlapi.manchestersyntax.parser.ManchesterOWLSyntaxOntologyParserFactory@1bc715b8]] on method public void uk.ac.manchester.cs.owl.owlapi.OWLOntologyManagerImpl.setOntologyParsers(java.util.Set).
INFO  695 [2021-02-15 14:10:21,841] [main] org.semanticweb.owlapi.utilities.Injector  - Loading file META-INF/services/org.semanticweb.owlapi.model.OWLOntologyFactory
INFO  698 [2021-02-15 14:10:21,844] [main] org.semanticweb.owlapi.utilities.Injector  - Injecting values [[uk.ac.manchester.cs.owl.owlapi.OWLOntologyFactoryImpl@58670130]] on method public void uk.ac.manchester.cs.owl.owlapi.OWLOntologyManagerImpl.setOntologyFactories(java.util.Set).
INFO  698 [2021-02-15 14:10:21,844] [main] org.semanticweb.owlapi.utilities.Injector  - Loading file META-INF/services/org.semanticweb.owlapi.model.OWLStorerFactory
INFO  706 [2021-02-15 14:10:21,852] [main] org.semanticweb.owlapi.utilities.Injector  - Injecting values [[org.semanticweb.owlapi.rio.RioNTriplesStorerFactory@48c35007, org.semanticweb.owlapi.rio.RioTrixStorerFactory@6d0b5baf, org.semanticweb.owlapi.functional.renderer.FunctionalSyntaxStorerFactory@297ea53a, org.semanticweb.owlapi.krss2.renderer.KRSS2OWLSyntaxStorerFactory@62e70ea3, org.semanticweb.owlapi.rio.RioJsonLDStorerFactory@1992eaf4, org.semanticweb.owlapi.rio.RioN3StorerFactory@21d8bcbe, org.semanticweb.owlapi.owlxml.renderer.OWLXMLStorerFactory@482d776b, org.semanticweb.owlapi.rdf.rdfxml.renderer.RDFXMLStorerFactory@1643d68f, org.semanticweb.owlapi.dlsyntax.renderer.DLSyntaxHTMLStorerFactory@3a320ade, org.semanticweb.owlapi.rio.RioTrigStorerFactory@b40bb6e, org.semanticweb.owlapi.manchestersyntax.renderer.ManchesterSyntaxStorerFactory@267f474e, org.semanticweb.owlapi.rio.RioRDFXMLStorerFactory@18f20260, org.semanticweb.owlapi.rio.RioNQuadsStorerFactory@18245eb0, org.semanticweb.owlapi.rdf.turtle.renderer.TurtleStorerFactory@741b3bc3, org.semanticweb.owlapi.oboformat.OBOFormatStorerFactory@545de5a4, org.semanticweb.owlapi.rio.RioBinaryRdfStorerFactory@2488b073, org.semanticweb.owlapi.rio.RioJsonStorerFactory@3f28bd56, org.semanticweb.owlapi.rio.RioTurtleStorerFactory@34a75079, org.semanticweb.owlapi.latex.renderer.LatexStorerFactory@7651218e, org.semanticweb.owlapi.dlsyntax.renderer.DLSyntaxStorerFactory@bcec031]] on method public void uk.ac.manchester.cs.owl.owlapi.OWLOntologyManagerImpl.setOntologyStorers(java.util.Set).
WARN  1015 [2021-02-15 14:10:22,161] [main] org.semanticweb.owlapi.util.SAXParsers  - http://www.oracle.com/xml/jaxp/properties/entityExpansionLimit not supported by parser type org.apache.xerces.jaxp.SAXParserImpl, error message: Property 'http://www.oracle.com/xml/jaxp/properties/entityExpansionLimit' is not recognized.
WARN  1020 [2021-02-15 14:10:22,166] [main] org.semanticweb.owlapi.util.SAXParsers  - entityExpansionLimit not supported by parser type org.apache.xerces.jaxp.SAXParserImpl, error message: Property 'entityExpansionLimit' is not recognized.
INFO  0 [2021-02-15 15:56:25,300] [main] org.semanticweb.owlapi.utilities.Injector  - Loading file META-INF/services/org.semanticweb.owlapi.model.OWLOntologyManager
INFO  45 [2021-02-15 15:56:25,345] [main] org.semanticweb.owlapi.utilities.Injector  - Loading file META-INF/services/org.semanticweb.owlapi.model.OWLDataFactory
INFO  322 [2021-02-15 15:56:25,622] [main] org.semanticweb.owlapi.utilities.Injector  - Injecting object uk.ac.manchester.cs.owl.owlapi.OWLOntologyManagerImpl@3fffff43
INFO  337 [2021-02-15 15:56:25,637] [main] org.semanticweb.owlapi.utilities.Injector  - Loading file META-INF/services/org.semanticweb.owlapi.model.OWLOntologyIRIMapper
WARN  338 [2021-02-15 15:56:25,638] [main] org.semanticweb.owlapi.utilities.Injector  - No files found for META-INF/services/org.semanticweb.owlapi.model.OWLOntologyIRIMapper
INFO  339 [2021-02-15 15:56:25,639] [main] org.semanticweb.owlapi.utilities.Injector  - Injecting values [[]] on method public void uk.ac.manchester.cs.owl.owlapi.OWLOntologyManagerImpl.setIRIMappers(java.util.Set).
INFO  340 [2021-02-15 15:56:25,640] [main] org.semanticweb.owlapi.utilities.Injector  - Loading file META-INF/services/org.semanticweb.owlapi.io.OWLParserFactory
INFO  357 [2021-02-15 15:56:25,657] [main] org.semanticweb.owlapi.utilities.Injector  - Injecting values [[org.semanticweb.owlapi.owlxml.parser.OWLXMLParserFactory@e260766, org.semanticweb.owlapi.krss2.parser.KRSS2OWLParserFactory@5ddabb18, org.semanticweb.owlapi.rio.RioNQuadsParserFactory@7fc44dec, org.semanticweb.owlapi.rio.RioTurtleParserFactory@5536379e, org.semanticweb.owlapi.functional.parser.OWLFunctionalSyntaxOWLParserFactory@38f57b3d, org.semanticweb.owlapi.rdf.turtle.parser.TurtleOntologyParserFactory@1de5f0ef, org.semanticweb.owlapi.rdf.rdfxml.parser.RDFXMLParserFactory@40258c2f, org.semanticweb.owlapi.rio.RioBinaryRdfParserFactory@3f446bef, org.semanticweb.owlapi.rio.RioTrixParserFactory@2756c0a7, org.semanticweb.owlapi.rio.RioJsonParserFactory@1252b961, org.semanticweb.owlapi.rio.RioTrigParserFactory@773cbf4f, org.semanticweb.owlapi.rio.RioNTriplesParserFactory@62fad19, org.semanticweb.owlapi.rio.RioRDFaParserFactory@4f2613d1, org.semanticweb.owlapi.rio.RioN3ParserFactory@36676c1a, org.semanticweb.owlapi.rio.RioJsonLDParserFactory@72445aba, org.semanticweb.owlapi.dlsyntax.parser.DLSyntaxOWLParserFactory@34a1d21f, org.semanticweb.owlapi.oboformat.OBOFormatOWLAPIParserFactory@6f0ca692, org.semanticweb.owlapi.rio.RioRDFXMLParserFactory@426b6a74, org.semanticweb.owlapi.manchestersyntax.parser.ManchesterOWLSyntaxOntologyParserFactory@1bc715b8]] on method public void uk.ac.manchester.cs.owl.owlapi.OWLOntologyManagerImpl.setOntologyParsers(java.util.Set).
INFO  359 [2021-02-15 15:56:25,659] [main] org.semanticweb.owlapi.utilities.Injector  - Loading file META-INF/services/org.semanticweb.owlapi.model.OWLOntologyFactory
INFO  363 [2021-02-15 15:56:25,663] [main] org.semanticweb.owlapi.utilities.Injector  - Injecting values [[uk.ac.manchester.cs.owl.owlapi.OWLOntologyFactoryImpl@58670130]] on method public void uk.ac.manchester.cs.owl.owlapi.OWLOntologyManagerImpl.setOntologyFactories(java.util.Set).
INFO  363 [2021-02-15 15:56:25,663] [main] org.semanticweb.owlapi.utilities.Injector  - Loading file META-INF/services/org.semanticweb.owlapi.model.OWLStorerFactory
INFO  370 [2021-02-15 15:56:25,670] [main] org.semanticweb.owlapi.utilities.Injector  - Injecting values [[org.semanticweb.owlapi.rio.RioNTriplesStorerFactory@48c35007, org.semanticweb.owlapi.rio.RioTrixStorerFactory@6d0b5baf, org.semanticweb.owlapi.functional.renderer.FunctionalSyntaxStorerFactory@297ea53a, org.semanticweb.owlapi.krss2.renderer.KRSS2OWLSyntaxStorerFactory@62e70ea3, org.semanticweb.owlapi.rio.RioJsonLDStorerFactory@1992eaf4, org.semanticweb.owlapi.rio.RioN3StorerFactory@21d8bcbe, org.semanticweb.owlapi.owlxml.renderer.OWLXMLStorerFactory@482d776b, org.semanticweb.owlapi.rdf.rdfxml.renderer.RDFXMLStorerFactory@1643d68f, org.semanticweb.owlapi.dlsyntax.renderer.DLSyntaxHTMLStorerFactory@3a320ade, org.semanticweb.owlapi.rio.RioTrigStorerFactory@b40bb6e, org.semanticweb.owlapi.manchestersyntax.renderer.ManchesterSyntaxStorerFactory@267f474e, org.semanticweb.owlapi.rio.RioRDFXMLStorerFactory@18f20260, org.semanticweb.owlapi.rio.RioNQuadsStorerFactory@18245eb0, org.semanticweb.owlapi.rdf.turtle.renderer.TurtleStorerFactory@741b3bc3, org.semanticweb.owlapi.oboformat.OBOFormatStorerFactory@545de5a4, org.semanticweb.owlapi.rio.RioBinaryRdfStorerFactory@2488b073, org.semanticweb.owlapi.rio.RioJsonStorerFactory@3f28bd56, org.semanticweb.owlapi.rio.RioTurtleStorerFactory@34a75079, org.semanticweb.owlapi.latex.renderer.LatexStorerFactory@7651218e, org.semanticweb.owlapi.dlsyntax.renderer.DLSyntaxStorerFactory@bcec031]] on method public void uk.ac.manchester.cs.owl.owlapi.OWLOntologyManagerImpl.setOntologyStorers(java.util.Set).
WARN  509 [2021-02-15 15:56:25,809] [main] org.semanticweb.owlapi.util.SAXParsers  - http://www.oracle.com/xml/jaxp/properties/entityExpansionLimit not supported by parser type org.apache.xerces.jaxp.SAXParserImpl, error message: Property 'http://www.oracle.com/xml/jaxp/properties/entityExpansionLimit' is not recognized.
WARN  509 [2021-02-15 15:56:25,809] [main] org.semanticweb.owlapi.util.SAXParsers  - entityExpansionLimit not supported by parser type org.apache.xerces.jaxp.SAXParserImpl, error message: Property 'entityExpansionLimit' is not recognized.
INFO  0 [2021-02-15 16:44:30,153] [main] org.semanticweb.owlapi.utilities.Injector  - Loading file META-INF/services/org.semanticweb.owlapi.model.OWLOntologyManager
INFO  32 [2021-02-15 16:44:30,185] [main] org.semanticweb.owlapi.utilities.Injector  - Loading file META-INF/services/org.semanticweb.owlapi.model.OWLDataFactory
INFO  306 [2021-02-15 16:44:30,459] [main] org.semanticweb.owlapi.utilities.Injector  - Injecting object uk.ac.manchester.cs.owl.owlapi.OWLOntologyManagerImpl@3fffff43
INFO  320 [2021-02-15 16:44:30,473] [main] org.semanticweb.owlapi.utilities.Injector  - Loading file META-INF/services/org.semanticweb.owlapi.model.OWLOntologyIRIMapper
WARN  321 [2021-02-15 16:44:30,474] [main] org.semanticweb.owlapi.utilities.Injector  - No files found for META-INF/services/org.semanticweb.owlapi.model.OWLOntologyIRIMapper
INFO  322 [2021-02-15 16:44:30,475] [main] org.semanticweb.owlapi.utilities.Injector  - Injecting values [[]] on method public void uk.ac.manchester.cs.owl.owlapi.OWLOntologyManagerImpl.setIRIMappers(java.util.Set).
INFO  323 [2021-02-15 16:44:30,476] [main] org.semanticweb.owlapi.utilities.Injector  - Loading file META-INF/services/org.semanticweb.owlapi.io.OWLParserFactory
INFO  338 [2021-02-15 16:44:30,491] [main] org.semanticweb.owlapi.utilities.Injector  - Injecting values [[org.semanticweb.owlapi.owlxml.parser.OWLXMLParserFactory@e260766, org.semanticweb.owlapi.krss2.parser.KRSS2OWLParserFactory@5ddabb18, org.semanticweb.owlapi.rio.RioNQuadsParserFactory@7fc44dec, org.semanticweb.owlapi.rio.RioTurtleParserFactory@5536379e, org.semanticweb.owlapi.functional.parser.OWLFunctionalSyntaxOWLParserFactory@38f57b3d, org.semanticweb.owlapi.rdf.turtle.parser.TurtleOntologyParserFactory@1de5f0ef, org.semanticweb.owlapi.rdf.rdfxml.parser.RDFXMLParserFactory@40258c2f, org.semanticweb.owlapi.rio.RioBinaryRdfParserFactory@3f446bef, org.semanticweb.owlapi.rio.RioTrixParserFactory@2756c0a7, org.semanticweb.owlapi.rio.RioJsonParserFactory@1252b961, org.semanticweb.owlapi.rio.RioTrigParserFactory@773cbf4f, org.semanticweb.owlapi.rio.RioNTriplesParserFactory@62fad19, org.semanticweb.owlapi.rio.RioRDFaParserFactory@4f2613d1, org.semanticweb.owlapi.rio.RioN3ParserFactory@36676c1a, org.semanticweb.owlapi.rio.RioJsonLDParserFactory@72445aba, org.semanticweb.owlapi.dlsyntax.parser.DLSyntaxOWLParserFactory@34a1d21f, org.semanticweb.owlapi.oboformat.OBOFormatOWLAPIParserFactory@6f0ca692, org.semanticweb.owlapi.rio.RioRDFXMLParserFactory@426b6a74, org.semanticweb.owlapi.manchestersyntax.parser.ManchesterOWLSyntaxOntologyParserFactory@1bc715b8]] on method public void uk.ac.manchester.cs.owl.owlapi.OWLOntologyManagerImpl.setOntologyParsers(java.util.Set).
INFO  339 [2021-02-15 16:44:30,492] [main] org.semanticweb.owlapi.utilities.Injector  - Loading file META-INF/services/org.semanticweb.owlapi.model.OWLOntologyFactory
INFO  342 [2021-02-15 16:44:30,495] [main] org.semanticweb.owlapi.utilities.Injector  - Injecting values [[uk.ac.manchester.cs.owl.owlapi.OWLOntologyFactoryImpl@58670130]] on method public void uk.ac.manchester.cs.owl.owlapi.OWLOntologyManagerImpl.setOntologyFactories(java.util.Set).
INFO  342 [2021-02-15 16:44:30,495] [main] org.semanticweb.owlapi.utilities.Injector  - Loading file META-INF/services/org.semanticweb.owlapi.model.OWLStorerFactory
INFO  347 [2021-02-15 16:44:30,500] [main] org.semanticweb.owlapi.utilities.Injector  - Injecting values [[org.semanticweb.owlapi.rio.RioNTriplesStorerFactory@48c35007, org.semanticweb.owlapi.rio.RioTrixStorerFactory@6d0b5baf, org.semanticweb.owlapi.functional.renderer.FunctionalSyntaxStorerFactory@297ea53a, org.semanticweb.owlapi.krss2.renderer.KRSS2OWLSyntaxStorerFactory@62e70ea3, org.semanticweb.owlapi.rio.RioJsonLDStorerFactory@1992eaf4, org.semanticweb.owlapi.rio.RioN3StorerFactory@21d8bcbe, org.semanticweb.owlapi.owlxml.renderer.OWLXMLStorerFactory@482d776b, org.semanticweb.owlapi.rdf.rdfxml.renderer.RDFXMLStorerFactory@1643d68f, org.semanticweb.owlapi.dlsyntax.renderer.DLSyntaxHTMLStorerFactory@3a320ade, org.semanticweb.owlapi.rio.RioTrigStorerFactory@b40bb6e, org.semanticweb.owlapi.manchestersyntax.renderer.ManchesterSyntaxStorerFactory@267f474e, org.semanticweb.owlapi.rio.RioRDFXMLStorerFactory@18f20260, org.semanticweb.owlapi.rio.RioNQuadsStorerFactory@18245eb0, org.semanticweb.owlapi.rdf.turtle.renderer.TurtleStorerFactory@741b3bc3, org.semanticweb.owlapi.oboformat.OBOFormatStorerFactory@545de5a4, org.semanticweb.owlapi.rio.RioBinaryRdfStorerFactory@2488b073, org.semanticweb.owlapi.rio.RioJsonStorerFactory@3f28bd56, org.semanticweb.owlapi.rio.RioTurtleStorerFactory@34a75079, org.semanticweb.owlapi.latex.renderer.LatexStorerFactory@7651218e, org.semanticweb.owlapi.dlsyntax.renderer.DLSyntaxStorerFactory@bcec031]] on method public void uk.ac.manchester.cs.owl.owlapi.OWLOntologyManagerImpl.setOntologyStorers(java.util.Set).
WARN  495 [2021-02-15 16:44:30,648] [main] org.semanticweb.owlapi.util.SAXParsers  - http://www.oracle.com/xml/jaxp/properties/entityExpansionLimit not supported by parser type org.apache.xerces.jaxp.SAXParserImpl, error message: Property 'http://www.oracle.com/xml/jaxp/properties/entityExpansionLimit' is not recognized.
WARN  495 [2021-02-15 16:44:30,648] [main] org.semanticweb.owlapi.util.SAXParsers  - entityExpansionLimit not supported by parser type org.apache.xerces.jaxp.SAXParserImpl, error message: Property 'entityExpansionLimit' is not recognized.
INFO  0 [2021-02-15 16:45:55,977] [main] org.semanticweb.owlapi.utilities.Injector  - Loading file META-INF/services/org.semanticweb.owlapi.model.OWLOntologyManager
INFO  26 [2021-02-15 16:45:56,003] [main] org.semanticweb.owlapi.utilities.Injector  - Loading file META-INF/services/org.semanticweb.owlapi.model.OWLDataFactory
INFO  317 [2021-02-15 16:45:56,294] [main] org.semanticweb.owlapi.utilities.Injector  - Injecting object uk.ac.manchester.cs.owl.owlapi.OWLOntologyManagerImpl@3fffff43
INFO  349 [2021-02-15 16:45:56,326] [main] org.semanticweb.owlapi.utilities.Injector  - Loading file META-INF/services/org.semanticweb.owlapi.model.OWLOntologyIRIMapper
WARN  351 [2021-02-15 16:45:56,328] [main] org.semanticweb.owlapi.utilities.Injector  - No files found for META-INF/services/org.semanticweb.owlapi.model.OWLOntologyIRIMapper
INFO  353 [2021-02-15 16:45:56,330] [main] org.semanticweb.owlapi.utilities.Injector  - Injecting values [[]] on method public void uk.ac.manchester.cs.owl.owlapi.OWLOntologyManagerImpl.setIRIMappers(java.util.Set).
INFO  355 [2021-02-15 16:45:56,332] [main] org.semanticweb.owlapi.utilities.Injector  - Loading file META-INF/services/org.semanticweb.owlapi.io.OWLParserFactory
INFO  439 [2021-02-15 16:45:56,416] [main] org.semanticweb.owlapi.utilities.Injector  - Injecting values [[org.semanticweb.owlapi.owlxml.parser.OWLXMLParserFactory@e260766, org.semanticweb.owlapi.krss2.parser.KRSS2OWLParserFactory@5ddabb18, org.semanticweb.owlapi.rio.RioNQuadsParserFactory@7fc44dec, org.semanticweb.owlapi.rio.RioTurtleParserFactory@5536379e, org.semanticweb.owlapi.functional.parser.OWLFunctionalSyntaxOWLParserFactory@38f57b3d, org.semanticweb.owlapi.rdf.turtle.parser.TurtleOntologyParserFactory@1de5f0ef, org.semanticweb.owlapi.rdf.rdfxml.parser.RDFXMLParserFactory@40258c2f, org.semanticweb.owlapi.rio.RioBinaryRdfParserFactory@3f446bef, org.semanticweb.owlapi.rio.RioTrixParserFactory@2756c0a7, org.semanticweb.owlapi.rio.RioJsonParserFactory@1252b961, org.semanticweb.owlapi.rio.RioTrigParserFactory@773cbf4f, org.semanticweb.owlapi.rio.RioNTriplesParserFactory@62fad19, org.semanticweb.owlapi.rio.RioRDFaParserFactory@4f2613d1, org.semanticweb.owlapi.rio.RioN3ParserFactory@36676c1a, org.semanticweb.owlapi.rio.RioJsonLDParserFactory@72445aba, org.semanticweb.owlapi.dlsyntax.parser.DLSyntaxOWLParserFactory@34a1d21f, org.semanticweb.owlapi.oboformat.OBOFormatOWLAPIParserFactory@6f0ca692, org.semanticweb.owlapi.rio.RioRDFXMLParserFactory@426b6a74, org.semanticweb.owlapi.manchestersyntax.parser.ManchesterOWLSyntaxOntologyParserFactory@1bc715b8]] on method public void uk.ac.manchester.cs.owl.owlapi.OWLOntologyManagerImpl.setOntologyParsers(java.util.Set).
INFO  444 [2021-02-15 16:45:56,421] [main] org.semanticweb.owlapi.utilities.Injector  - Loading file META-INF/services/org.semanticweb.owlapi.model.OWLOntologyFactory
INFO  448 [2021-02-15 16:45:56,425] [main] org.semanticweb.owlapi.utilities.Injector  - Injecting values [[uk.ac.manchester.cs.owl.owlapi.OWLOntologyFactoryImpl@58670130]] on method public void uk.ac.manchester.cs.owl.owlapi.OWLOntologyManagerImpl.setOntologyFactories(java.util.Set).
INFO  449 [2021-02-15 16:45:56,426] [main] org.semanticweb.owlapi.utilities.Injector  - Loading file META-INF/services/org.semanticweb.owlapi.model.OWLStorerFactory
INFO  478 [2021-02-15 16:45:56,455] [main] org.semanticweb.owlapi.utilities.Injector  - Injecting values [[org.semanticweb.owlapi.rio.RioNTriplesStorerFactory@48c35007, org.semanticweb.owlapi.rio.RioTrixStorerFactory@6d0b5baf, org.semanticweb.owlapi.functional.renderer.FunctionalSyntaxStorerFactory@297ea53a, org.semanticweb.owlapi.krss2.renderer.KRSS2OWLSyntaxStorerFactory@62e70ea3, org.semanticweb.owlapi.rio.RioJsonLDStorerFactory@1992eaf4, org.semanticweb.owlapi.rio.RioN3StorerFactory@21d8bcbe, org.semanticweb.owlapi.owlxml.renderer.OWLXMLStorerFactory@482d776b, org.semanticweb.owlapi.rdf.rdfxml.renderer.RDFXMLStorerFactory@1643d68f, org.semanticweb.owlapi.dlsyntax.renderer.DLSyntaxHTMLStorerFactory@3a320ade, org.semanticweb.owlapi.rio.RioTrigStorerFactory@b40bb6e, org.semanticweb.owlapi.manchestersyntax.renderer.ManchesterSyntaxStorerFactory@267f474e, org.semanticweb.owlapi.rio.RioRDFXMLStorerFactory@18f20260, org.semanticweb.owlapi.rio.RioNQuadsStorerFactory@18245eb0, org.semanticweb.owlapi.rdf.turtle.renderer.TurtleStorerFactory@741b3bc3, org.semanticweb.owlapi.oboformat.OBOFormatStorerFactory@545de5a4, org.semanticweb.owlapi.rio.RioBinaryRdfStorerFactory@2488b073, org.semanticweb.owlapi.rio.RioJsonStorerFactory@3f28bd56, org.semanticweb.owlapi.rio.RioTurtleStorerFactory@34a75079, org.semanticweb.owlapi.latex.renderer.LatexStorerFactory@7651218e, org.semanticweb.owlapi.dlsyntax.renderer.DLSyntaxStorerFactory@bcec031]] on method public void uk.ac.manchester.cs.owl.owlapi.OWLOntologyManagerImpl.setOntologyStorers(java.util.Set).
WARN  784 [2021-02-15 16:45:56,761] [main] org.semanticweb.owlapi.util.SAXParsers  - http://www.oracle.com/xml/jaxp/properties/entityExpansionLimit not supported by parser type org.apache.xerces.jaxp.SAXParserImpl, error message: Property 'http://www.oracle.com/xml/jaxp/properties/entityExpansionLimit' is not recognized.
WARN  784 [2021-02-15 16:45:56,761] [main] org.semanticweb.owlapi.util.SAXParsers  - entityExpansionLimit not supported by parser type org.apache.xerces.jaxp.SAXParserImpl, error message: Property 'entityExpansionLimit' is not recognized.
